{Wed Apr 22 2026 17:00:00} [Beauty Run ✨] info: [CleanupJob] Running pending order cleanup...
{Wed Apr 22 2026 17:00:00} [Beauty Run ✨] info: [CleanupJob] No stale pending orders found.
{Wed Apr 22 2026 17:05:18} [Beauty Run ✨] info: [31mA user disconnect[39m
{Wed Apr 22 2026 17:05:18} [Beauty Run ✨] info: [31mA user disconnect[39m
{Wed Apr 22 2026 17:05:18} [Beauty Run ✨] info: [31mA user disconnect[39m
{Wed Apr 22 2026 17:08:33} [Beauty Run ✨] info: [32m🚀 Database connected successfully[39m
{Wed Apr 22 2026 17:08:33} [Beauty Run ✨] info: [32m🍁 Server connected successfully[39m
{Wed Apr 22 2026 17:08:33} [Beauty Run ✨] info: [CleanupJob] Pending order cleanup job scheduled (every hour).
{Wed Apr 22 2026 17:08:33} [Beauty Run ✨] info: [33m♻️  Application listening on port:5000[39m
{Wed Apr 22 2026 17:08:43} [Beauty Run ✨] info: [32m🚀 Database connected successfully[39m
{Wed Apr 22 2026 17:08:44} [Beauty Run ✨] info: [32m🍁 Server connected successfully[39m
{Wed Apr 22 2026 17:08:44} [Beauty Run ✨] info: [CleanupJob] Pending order cleanup job scheduled (every hour).
{Wed Apr 22 2026 17:08:44} [Beauty Run ✨] info: [33m♻️  Application listening on port:5000[39m
{Wed Apr 22 2026 17:11:57} [Beauty Run ✨] info: [32m🚀 Database connected successfully[39m
{Wed Apr 22 2026 17:11:57} [Beauty Run ✨] info: [32m🍁 Server connected successfully[39m
{Wed Apr 22 2026 17:11:57} [Beauty Run ✨] info: [CleanupJob] Pending order cleanup job scheduled (every hour).
{Wed Apr 22 2026 17:11:57} [Beauty Run ✨] info: [33m♻️  Application listening on port:5000[39m
{Wed Apr 22 2026 17:14:17} [Beauty Run ✨] info: [32m🚀 Database connected successfully[39m
{Wed Apr 22 2026 17:14:17} [Beauty Run ✨] info: [32m🍁 Server connected successfully[39m
{Wed Apr 22 2026 17:14:17} [Beauty Run ✨] info: [CleanupJob] Pending order cleanup job scheduled (every hour).
{Wed Apr 22 2026 17:14:17} [Beauty Run ✨] info: [33m♻️  Application listening on port:5000[39m
{Wed Apr 22 2026 17:14:25} [Beauty Run ✨] info: [32m🚀 Database connected successfully[39m
{Wed Apr 22 2026 17:14:25} [Beauty Run ✨] info: [32m🍁 Server connected successfully[39m
{Wed Apr 22 2026 17:14:25} [Beauty Run ✨] info: [CleanupJob] Pending order cleanup job scheduled (every hour).
{Wed Apr 22 2026 17:14:25} [Beauty Run ✨] info: [33m♻️  Application listening on port:5000[39m
{Wed Apr 22 2026 17:17:43} [Beauty Run ✨] info: [32m🚀 Database connected successfully[39m
{Wed Apr 22 2026 17:17:43} [Beauty Run ✨] info: [32m🍁 Server connected successfully[39m
{Wed Apr 22 2026 17:17:43} [Beauty Run ✨] info: [CleanupJob] Pending order cleanup job scheduled (every hour).
{Wed Apr 22 2026 17:17:43} [Beauty Run ✨] info: [33m♻️  Application listening on port:5000[39m
