{Sun Mar 29 2026 11:00:00} [APP 🚀] info: [CleanupJob] Running pending order cleanup...
{Sun Mar 29 2026 11:00:00} [APP 🚀] info: [CleanupJob] No stale pending orders found.
{Sun Mar 29 2026 11:08:14} [APP 🚀] info: 103.186.20.7 - OPTIONS /api/v1/user/me 204 - 0.512 ms
{Sun Mar 29 2026 11:08:14} [APP 🚀] info: 103.186.20.7 - GET /api/v1/user/me 304 - 43.387 ms
{Sun Mar 29 2026 11:09:16} [APP 🚀] info: 103.186.20.7 - OPTIONS /api/v1/user/profile 204 - 0.044 ms
{Sun Mar 29 2026 11:09:16} [APP 🚀] info: 103.186.20.7 - OPTIONS /api/v1/user/me 204 - 0.025 ms
{Sun Mar 29 2026 11:09:16} [APP 🚀] info: 103.186.20.7 - GET /api/v1/user/me 304 - 3.144 ms
{Sun Mar 29 2026 11:09:23} [APP 🚀] info: 103.186.20.7 - OPTIONS /api/v1/user/profile 204 - 0.045 ms
{Sun Mar 29 2026 11:09:23} [APP 🚀] info: 103.186.20.7 - OPTIONS /api/v1/user/me 204 - 0.034 ms
{Sun Mar 29 2026 11:09:23} [APP 🚀] info: 103.186.20.7 - GET /api/v1/user/me 304 - 3.000 ms
{Sun Mar 29 2026 11:09:55} [APP 🚀] info: 103.186.20.7 - OPTIONS /api/v1/user/me 204 - 0.027 ms
{Sun Mar 29 2026 11:09:55} [APP 🚀] info: 103.186.20.7 - GET /api/v1/user/me 304 - 2.523 ms
{Sun Mar 29 2026 11:11:41} [APP 🚀] info: 103.186.20.7 - OPTIONS /api/v1/user/profile 204 - 0.041 ms
{Sun Mar 29 2026 11:11:41} [APP 🚀] info: 103.186.20.7 - PATCH /api/v1/user/profile 200 - 38.784 ms
{Sun Mar 29 2026 11:11:41} [APP 🚀] info: 103.186.20.7 - OPTIONS /api/v1/user/me 204 - 0.027 ms
{Sun Mar 29 2026 11:11:41} [APP 🚀] info: 103.186.20.7 - GET /api/v1/user/me 200 - 2.355 ms
{Sun Mar 29 2026 11:11:45} [APP 🚀] info: 103.186.20.7 - GET /api/v1/user/me 304 - 2.313 ms
{Sun Mar 29 2026 11:12:04} [APP 🚀] info: 103.186.20.7 - OPTIONS /api/v1/user/profile 204 - 0.039 ms
{Sun Mar 29 2026 11:12:04} [APP 🚀] info: 103.186.20.7 - PATCH /api/v1/user/profile 200 - 9.708 ms
{Sun Mar 29 2026 11:12:04} [APP 🚀] info: 103.186.20.7 - OPTIONS /api/v1/user/me 204 - 0.028 ms
{Sun Mar 29 2026 11:12:04} [APP 🚀] info: 103.186.20.7 - GET /api/v1/user/me 200 - 2.648 ms
{Sun Mar 29 2026 11:12:07} [APP 🚀] info: 103.186.20.7 - GET /api/v1/user/me 304 - 2.660 ms
{Sun Mar 29 2026 11:19:13} [APP 🚀] info: [32m🚀 Database connected successfully[39m
{Sun Mar 29 2026 11:19:14} [APP 🚀] info: [32m🍁 Server connected successfully[39m
{Sun Mar 29 2026 11:19:14} [APP 🚀] info: [CleanupJob] Pending order cleanup job scheduled (every hour).
{Sun Mar 29 2026 11:19:14} [APP 🚀] info: [33m♻️  Application listening on port:5003[39m
{Sun Mar 29 2026 11:20:47} [APP 🚀] info: [32m🚀 Database connected successfully[39m
{Sun Mar 29 2026 11:20:47} [APP 🚀] info: [32m🍁 Server connected successfully[39m
{Sun Mar 29 2026 11:20:47} [APP 🚀] info: [CleanupJob] Pending order cleanup job scheduled (every hour).
{Sun Mar 29 2026 11:20:47} [APP 🚀] info: [33m♻️  Application listening on port:5003[39m
{Sun Mar 29 2026 11:21:23} [APP 🚀] info: 103.186.20.7 - GET /api/v1/user/me 200 - 23.418 ms
{Sun Mar 29 2026 11:21:37} [APP 🚀] info: 103.186.20.7 - PATCH /api/v1/user/profile 200 - 18.586 ms
{Sun Mar 29 2026 11:23:16} [APP 🚀] info: [32m🚀 Database connected successfully[39m
{Sun Mar 29 2026 11:23:16} [APP 🚀] info: [32m🍁 Server connected successfully[39m
{Sun Mar 29 2026 11:23:16} [APP 🚀] info: [CleanupJob] Pending order cleanup job scheduled (every hour).
{Sun Mar 29 2026 11:23:16} [APP 🚀] info: [33m♻️  Application listening on port:5003[39m
{Sun Mar 29 2026 11:23:21} [APP 🚀] info: 103.186.20.7 - OPTIONS /api/v1/user/profile 204 - 0.743 ms
{Sun Mar 29 2026 11:23:21} [APP 🚀] info: 103.186.20.7 - OPTIONS /api/v1/user/me 204 - 0.094 ms
{Sun Mar 29 2026 11:23:37} [APP 🚀] info: 103.186.20.7 - OPTIONS /api/v1/auth/login 204 - 0.080 ms
{Sun Mar 29 2026 11:23:37} [APP 🚀] info: 103.186.20.7 - POST /api/v1/auth/login 200 - 264.591 ms
{Sun Mar 29 2026 11:23:41} [APP 🚀] info: 103.186.20.7 - OPTIONS /api/v1/user/me 204 - 0.095 ms
{Sun Mar 29 2026 11:23:41} [APP 🚀] info: 103.186.20.7 - GET /api/v1/user/me 200 - 5.210 ms
{Sun Mar 29 2026 11:24:36} [APP 🚀] info: 103.186.20.7 - OPTIONS /api/v1/user/profile 204 - 0.061 ms
{Sun Mar 29 2026 11:24:36} [APP 🚀] info: 103.186.20.7 - PATCH /api/v1/user/profile 200 - 161.793 ms
{Sun Mar 29 2026 11:24:36} [APP 🚀] info: 103.186.20.7 - OPTIONS /api/v1/user/me 204 - 0.058 ms
{Sun Mar 29 2026 11:24:36} [APP 🚀] info: 103.186.20.7 - GET /api/v1/user/me 200 - 3.282 ms
{Sun Mar 29 2026 11:24:40} [APP 🚀] info: 103.186.20.7 - GET /api/v1/user/me 304 - 2.294 ms
{Sun Mar 29 2026 11:26:38} [APP 🚀] info: 103.186.20.7 - GET /image/1774761876116-l1epyv.jpg 200 - 1.697 ms
{Sun Mar 29 2026 11:27:41} [APP 🚀] info: [32m🚀 Database connected successfully[39m
{Sun Mar 29 2026 11:27:41} [APP 🚀] info: [32m🍁 Server connected successfully[39m
{Sun Mar 29 2026 11:27:41} [APP 🚀] info: [CleanupJob] Pending order cleanup job scheduled (every hour).
{Sun Mar 29 2026 11:27:41} [APP 🚀] info: [33m♻️  Application listening on port:5003[39m
{Sun Mar 29 2026 11:27:45} [APP 🚀] info: [32m🚀 Database connected successfully[39m
{Sun Mar 29 2026 11:27:45} [APP 🚀] info: [32m🍁 Server connected successfully[39m
{Sun Mar 29 2026 11:27:45} [APP 🚀] info: [CleanupJob] Pending order cleanup job scheduled (every hour).
{Sun Mar 29 2026 11:27:45} [APP 🚀] info: [33m♻️  Application listening on port:5003[39m
{Sun Mar 29 2026 11:27:51} [APP 🚀] info: [32m🚀 Database connected successfully[39m
{Sun Mar 29 2026 11:27:51} [APP 🚀] info: [32m🍁 Server connected successfully[39m
{Sun Mar 29 2026 11:27:51} [APP 🚀] info: [CleanupJob] Pending order cleanup job scheduled (every hour).
{Sun Mar 29 2026 11:27:51} [APP 🚀] info: [33m♻️  Application listening on port:5003[39m
{Sun Mar 29 2026 11:27:59} [APP 🚀] info: [32m🚀 Database connected successfully[39m
{Sun Mar 29 2026 11:27:59} [APP 🚀] info: [32m🍁 Server connected successfully[39m
{Sun Mar 29 2026 11:27:59} [APP 🚀] info: [CleanupJob] Pending order cleanup job scheduled (every hour).
{Sun Mar 29 2026 11:27:59} [APP 🚀] info: [33m♻️  Application listening on port:5003[39m
{Sun Mar 29 2026 11:28:04} [APP 🚀] info: [32m🚀 Database connected successfully[39m
{Sun Mar 29 2026 11:28:04} [APP 🚀] info: [32m🍁 Server connected successfully[39m
{Sun Mar 29 2026 11:28:04} [APP 🚀] info: [CleanupJob] Pending order cleanup job scheduled (every hour).
{Sun Mar 29 2026 11:28:04} [APP 🚀] info: [33m♻️  Application listening on port:5003[39m
{Sun Mar 29 2026 11:28:06} [APP 🚀] info: [32m🚀 Database connected successfully[39m
{Sun Mar 29 2026 11:28:06} [APP 🚀] info: [32m🍁 Server connected successfully[39m
{Sun Mar 29 2026 11:28:06} [APP 🚀] info: [CleanupJob] Pending order cleanup job scheduled (every hour).
{Sun Mar 29 2026 11:28:06} [APP 🚀] info: [33m♻️  Application listening on port:5003[39m
{Sun Mar 29 2026 11:28:16} [APP 🚀] info: [32m🚀 Database connected successfully[39m
{Sun Mar 29 2026 11:28:16} [APP 🚀] info: [32m🍁 Server connected successfully[39m
{Sun Mar 29 2026 11:28:16} [APP 🚀] info: [CleanupJob] Pending order cleanup job scheduled (every hour).
{Sun Mar 29 2026 11:28:16} [APP 🚀] info: [33m♻️  Application listening on port:5003[39m
{Sun Mar 29 2026 11:28:30} [APP 🚀] info: [32m🚀 Database connected successfully[39m
{Sun Mar 29 2026 11:28:30} [APP 🚀] info: [32m🍁 Server connected successfully[39m
{Sun Mar 29 2026 11:28:30} [APP 🚀] info: [CleanupJob] Pending order cleanup job scheduled (every hour).
{Sun Mar 29 2026 11:28:30} [APP 🚀] info: [33m♻️  Application listening on port:5003[39m
{Sun Mar 29 2026 11:31:31} [APP 🚀] info: [32m🚀 Database connected successfully[39m
{Sun Mar 29 2026 11:31:31} [APP 🚀] info: [32m🍁 Server connected successfully[39m
{Sun Mar 29 2026 11:31:31} [APP 🚀] info: [CleanupJob] Pending order cleanup job scheduled (every hour).
{Sun Mar 29 2026 11:31:31} [APP 🚀] info: [33m♻️  Application listening on port:5003[39m
{Sun Mar 29 2026 11:31:34} [APP 🚀] info: [32m🚀 Database connected successfully[39m
{Sun Mar 29 2026 11:31:34} [APP 🚀] info: [32m🍁 Server connected successfully[39m
{Sun Mar 29 2026 11:31:34} [APP 🚀] info: [CleanupJob] Pending order cleanup job scheduled (every hour).
{Sun Mar 29 2026 11:31:34} [APP 🚀] info: [33m♻️  Application listening on port:5003[39m
{Sun Mar 29 2026 11:31:42} [APP 🚀] info: [32m🚀 Database connected successfully[39m
{Sun Mar 29 2026 11:31:42} [APP 🚀] info: [32m🍁 Server connected successfully[39m
{Sun Mar 29 2026 11:31:42} [APP 🚀] info: [CleanupJob] Pending order cleanup job scheduled (every hour).
{Sun Mar 29 2026 11:31:42} [APP 🚀] info: [33m♻️  Application listening on port:5003[39m
{Sun Mar 29 2026 11:31:49} [APP 🚀] info: 103.186.20.7 - OPTIONS /api/v1/auth/forget-password 204 - 0.511 ms
{Sun Mar 29 2026 11:31:49} [APP 🚀] info: 103.186.20.7 - POST /api/v1/auth/forget-password 200 - 50.461 ms
{Sun Mar 29 2026 11:31:55} [APP 🚀] info: Mail send successfully
{Sun Mar 29 2026 11:32:00} [APP 🚀] info: [32m🚀 Database connected successfully[39m
{Sun Mar 29 2026 11:32:00} [APP 🚀] info: [32m🍁 Server connected successfully[39m
{Sun Mar 29 2026 11:32:00} [APP 🚀] info: [CleanupJob] Pending order cleanup job scheduled (every hour).
{Sun Mar 29 2026 11:32:00} [APP 🚀] info: [33m♻️  Application listening on port:5003[39m
{Sun Mar 29 2026 11:32:08} [APP 🚀] info: [32m🚀 Database connected successfully[39m
{Sun Mar 29 2026 11:32:08} [APP 🚀] info: [32m🍁 Server connected successfully[39m
{Sun Mar 29 2026 11:32:08} [APP 🚀] info: [CleanupJob] Pending order cleanup job scheduled (every hour).
{Sun Mar 29 2026 11:32:08} [APP 🚀] info: [33m♻️  Application listening on port:5003[39m
{Sun Mar 29 2026 11:32:49} [APP 🚀] info: 103.186.20.7 - OPTIONS /api/v1/auth/verify-email 204 - 0.536 ms
{Sun Mar 29 2026 11:33:34} [APP 🚀] info: 103.186.20.7 - OPTIONS /api/v1/auth/forget-password 204 - 0.252 ms
{Sun Mar 29 2026 11:33:34} [APP 🚀] info: 103.186.20.7 - POST /api/v1/auth/forget-password 200 - 25.429 ms
{Sun Mar 29 2026 11:33:39} [APP 🚀] info: Mail send successfully
{Sun Mar 29 2026 11:33:52} [APP 🚀] info: 103.186.20.7 - OPTIONS /api/v1/auth/verify-account 204 - 0.141 ms
{Sun Mar 29 2026 11:33:52} [APP 🚀] info: 103.186.20.7 - POST /api/v1/auth/verify-account 200 - 35.009 ms
{Sun Mar 29 2026 11:35:03} [APP 🚀] info: [32m🚀 Database connected successfully[39m
{Sun Mar 29 2026 11:35:03} [APP 🚀] info: [32m🍁 Server connected successfully[39m
{Sun Mar 29 2026 11:35:03} [APP 🚀] info: [CleanupJob] Pending order cleanup job scheduled (every hour).
{Sun Mar 29 2026 11:35:03} [APP 🚀] info: [33m♻️  Application listening on port:5003[39m
{Sun Mar 29 2026 11:35:05} [APP 🚀] info: [32m🚀 Database connected successfully[39m
{Sun Mar 29 2026 11:35:05} [APP 🚀] info: [32m🍁 Server connected successfully[39m
{Sun Mar 29 2026 11:35:05} [APP 🚀] info: [CleanupJob] Pending order cleanup job scheduled (every hour).
{Sun Mar 29 2026 11:35:05} [APP 🚀] info: [33m♻️  Application listening on port:5003[39m
{Sun Mar 29 2026 11:35:06} [APP 🚀] info: [32m🚀 Database connected successfully[39m
{Sun Mar 29 2026 11:35:06} [APP 🚀] info: [32m🍁 Server connected successfully[39m
{Sun Mar 29 2026 11:35:06} [APP 🚀] info: [CleanupJob] Pending order cleanup job scheduled (every hour).
{Sun Mar 29 2026 11:35:06} [APP 🚀] info: [33m♻️  Application listening on port:5003[39m
{Sun Mar 29 2026 11:35:11} [APP 🚀] info: [32m🚀 Database connected successfully[39m
{Sun Mar 29 2026 11:35:11} [APP 🚀] info: [32m🍁 Server connected successfully[39m
{Sun Mar 29 2026 11:35:11} [APP 🚀] info: [CleanupJob] Pending order cleanup job scheduled (every hour).
{Sun Mar 29 2026 11:35:11} [APP 🚀] info: [33m♻️  Application listening on port:5003[39m
{Sun Mar 29 2026 11:35:16} [APP 🚀] info: 103.186.20.7 - OPTIONS /api/v1/auth/forget-password 204 - 0.556 ms
{Sun Mar 29 2026 11:35:16} [APP 🚀] info: 103.186.20.7 - POST /api/v1/auth/forget-password 200 - 30.813 ms
{Sun Mar 29 2026 11:35:20} [APP 🚀] info: Mail send successfully
{Sun Mar 29 2026 11:35:29} [APP 🚀] info: [32m🚀 Database connected successfully[39m
{Sun Mar 29 2026 11:35:29} [APP 🚀] info: [32m🍁 Server connected successfully[39m
{Sun Mar 29 2026 11:35:29} [APP 🚀] info: [CleanupJob] Pending order cleanup job scheduled (every hour).
{Sun Mar 29 2026 11:35:29} [APP 🚀] info: [33m♻️  Application listening on port:5003[39m
{Sun Mar 29 2026 11:35:36} [APP 🚀] info: [32m🚀 Database connected successfully[39m
{Sun Mar 29 2026 11:35:36} [APP 🚀] info: [32m🍁 Server connected successfully[39m
{Sun Mar 29 2026 11:35:36} [APP 🚀] info: [CleanupJob] Pending order cleanup job scheduled (every hour).
{Sun Mar 29 2026 11:35:36} [APP 🚀] info: [33m♻️  Application listening on port:5003[39m
{Sun Mar 29 2026 11:35:38} [APP 🚀] info: [32m🚀 Database connected successfully[39m
{Sun Mar 29 2026 11:35:38} [APP 🚀] info: [32m🍁 Server connected successfully[39m
{Sun Mar 29 2026 11:35:38} [APP 🚀] info: [CleanupJob] Pending order cleanup job scheduled (every hour).
{Sun Mar 29 2026 11:35:38} [APP 🚀] info: [33m♻️  Application listening on port:5003[39m
{Sun Mar 29 2026 11:35:38} [APP 🚀] info: 103.186.20.7 - OPTIONS /api/v1/auth/verify-account 204 - 0.522 ms
{Sun Mar 29 2026 11:35:38} [APP 🚀] info: 103.186.20.7 - POST /api/v1/auth/verify-account 200 - 29.954 ms
{Sun Mar 29 2026 11:35:40} [APP 🚀] info: [32m🚀 Database connected successfully[39m
{Sun Mar 29 2026 11:35:40} [APP 🚀] info: [32m🍁 Server connected successfully[39m
{Sun Mar 29 2026 11:35:40} [APP 🚀] info: [CleanupJob] Pending order cleanup job scheduled (every hour).
{Sun Mar 29 2026 11:35:40} [APP 🚀] info: [33m♻️  Application listening on port:5003[39m
{Sun Mar 29 2026 11:35:54} [APP 🚀] info: [32m🚀 Database connected successfully[39m
{Sun Mar 29 2026 11:35:54} [APP 🚀] info: [32m🍁 Server connected successfully[39m
{Sun Mar 29 2026 11:35:54} [APP 🚀] info: [CleanupJob] Pending order cleanup job scheduled (every hour).
{Sun Mar 29 2026 11:35:54} [APP 🚀] info: [33m♻️  Application listening on port:5003[39m
{Sun Mar 29 2026 11:36:19} [APP 🚀] info: [32m🚀 Database connected successfully[39m
{Sun Mar 29 2026 11:36:19} [APP 🚀] info: [32m🍁 Server connected successfully[39m
{Sun Mar 29 2026 11:36:19} [APP 🚀] info: [CleanupJob] Pending order cleanup job scheduled (every hour).
{Sun Mar 29 2026 11:36:19} [APP 🚀] info: [33m♻️  Application listening on port:5003[39m
{Sun Mar 29 2026 11:36:34} [APP 🚀] info: [32m🚀 Database connected successfully[39m
{Sun Mar 29 2026 11:36:34} [APP 🚀] info: [32m🍁 Server connected successfully[39m
{Sun Mar 29 2026 11:36:34} [APP 🚀] info: [CleanupJob] Pending order cleanup job scheduled (every hour).
{Sun Mar 29 2026 11:36:34} [APP 🚀] info: [33m♻️  Application listening on port:5003[39m
{Sun Mar 29 2026 11:36:39} [APP 🚀] info: [32m🚀 Database connected successfully[39m
{Sun Mar 29 2026 11:36:39} [APP 🚀] info: [32m🍁 Server connected successfully[39m
{Sun Mar 29 2026 11:36:39} [APP 🚀] info: [CleanupJob] Pending order cleanup job scheduled (every hour).
{Sun Mar 29 2026 11:36:39} [APP 🚀] info: [33m♻️  Application listening on port:5003[39m
{Sun Mar 29 2026 11:36:42} [APP 🚀] info: [32m🚀 Database connected successfully[39m
{Sun Mar 29 2026 11:36:42} [APP 🚀] info: [32m🍁 Server connected successfully[39m
{Sun Mar 29 2026 11:36:42} [APP 🚀] info: [CleanupJob] Pending order cleanup job scheduled (every hour).
{Sun Mar 29 2026 11:36:42} [APP 🚀] info: [33m♻️  Application listening on port:5003[39m
{Sun Mar 29 2026 11:36:59} [APP 🚀] info: [32m🚀 Database connected successfully[39m
{Sun Mar 29 2026 11:36:59} [APP 🚀] info: [32m🍁 Server connected successfully[39m
{Sun Mar 29 2026 11:36:59} [APP 🚀] info: [CleanupJob] Pending order cleanup job scheduled (every hour).
{Sun Mar 29 2026 11:36:59} [APP 🚀] info: [33m♻️  Application listening on port:5003[39m
{Sun Mar 29 2026 11:37:19} [APP 🚀] info: [32m🚀 Database connected successfully[39m
{Sun Mar 29 2026 11:37:19} [APP 🚀] info: [32m🍁 Server connected successfully[39m
{Sun Mar 29 2026 11:37:19} [APP 🚀] info: [CleanupJob] Pending order cleanup job scheduled (every hour).
{Sun Mar 29 2026 11:37:19} [APP 🚀] info: [33m♻️  Application listening on port:5003[39m
{Sun Mar 29 2026 11:37:20} [APP 🚀] info: [32m🚀 Database connected successfully[39m
{Sun Mar 29 2026 11:37:20} [APP 🚀] info: [32m🍁 Server connected successfully[39m
{Sun Mar 29 2026 11:37:20} [APP 🚀] info: [CleanupJob] Pending order cleanup job scheduled (every hour).
{Sun Mar 29 2026 11:37:20} [APP 🚀] info: [33m♻️  Application listening on port:5003[39m
{Sun Mar 29 2026 11:37:23} [APP 🚀] info: [32m🚀 Database connected successfully[39m
{Sun Mar 29 2026 11:37:23} [APP 🚀] info: [32m🍁 Server connected successfully[39m
{Sun Mar 29 2026 11:37:23} [APP 🚀] info: [CleanupJob] Pending order cleanup job scheduled (every hour).
{Sun Mar 29 2026 11:37:23} [APP 🚀] info: [33m♻️  Application listening on port:5003[39m
{Sun Mar 29 2026 11:37:59} [APP 🚀] info: [32m🚀 Database connected successfully[39m
{Sun Mar 29 2026 11:37:59} [APP 🚀] info: [32m🍁 Server connected successfully[39m
{Sun Mar 29 2026 11:37:59} [APP 🚀] info: [CleanupJob] Pending order cleanup job scheduled (every hour).
{Sun Mar 29 2026 11:37:59} [APP 🚀] info: [33m♻️  Application listening on port:5003[39m
{Sun Mar 29 2026 11:38:05} [APP 🚀] info: [32m🚀 Database connected successfully[39m
{Sun Mar 29 2026 11:38:05} [APP 🚀] info: [32m🍁 Server connected successfully[39m
{Sun Mar 29 2026 11:38:05} [APP 🚀] info: [CleanupJob] Pending order cleanup job scheduled (every hour).
{Sun Mar 29 2026 11:38:05} [APP 🚀] info: [33m♻️  Application listening on port:5003[39m
{Sun Mar 29 2026 11:38:17} [APP 🚀] info: [32m🚀 Database connected successfully[39m
{Sun Mar 29 2026 11:38:17} [APP 🚀] info: [32m🍁 Server connected successfully[39m
{Sun Mar 29 2026 11:38:17} [APP 🚀] info: [CleanupJob] Pending order cleanup job scheduled (every hour).
{Sun Mar 29 2026 11:38:17} [APP 🚀] info: [33m♻️  Application listening on port:5003[39m
{Sun Mar 29 2026 11:38:31} [APP 🚀] info: [32m🚀 Database connected successfully[39m
{Sun Mar 29 2026 11:38:31} [APP 🚀] info: [32m🍁 Server connected successfully[39m
{Sun Mar 29 2026 11:38:31} [APP 🚀] info: [CleanupJob] Pending order cleanup job scheduled (every hour).
{Sun Mar 29 2026 11:38:31} [APP 🚀] info: [33m♻️  Application listening on port:5003[39m
{Sun Mar 29 2026 11:38:43} [APP 🚀] info: [32m🚀 Database connected successfully[39m
{Sun Mar 29 2026 11:38:43} [APP 🚀] info: [32m🍁 Server connected successfully[39m
{Sun Mar 29 2026 11:38:43} [APP 🚀] info: [CleanupJob] Pending order cleanup job scheduled (every hour).
{Sun Mar 29 2026 11:38:43} [APP 🚀] info: [33m♻️  Application listening on port:5003[39m
{Sun Mar 29 2026 11:38:52} [APP 🚀] info: [32m🚀 Database connected successfully[39m
{Sun Mar 29 2026 11:38:52} [APP 🚀] info: [32m🍁 Server connected successfully[39m
{Sun Mar 29 2026 11:38:52} [APP 🚀] info: [CleanupJob] Pending order cleanup job scheduled (every hour).
{Sun Mar 29 2026 11:38:52} [APP 🚀] info: [33m♻️  Application listening on port:5003[39m
{Sun Mar 29 2026 11:39:08} [APP 🚀] info: 103.186.20.7 - OPTIONS /api/v1/auth/reset-password? 204 - 0.809 ms
{Sun Mar 29 2026 11:39:35} [APP 🚀] info: 103.186.20.7 - OPTIONS /api/v1/auth/reset-password? 204 - 0.090 ms
{Sun Mar 29 2026 11:40:15} [APP 🚀] info: [32m🚀 Database connected successfully[39m
{Sun Mar 29 2026 11:40:15} [APP 🚀] info: [32m🍁 Server connected successfully[39m
{Sun Mar 29 2026 11:40:15} [APP 🚀] info: [CleanupJob] Pending order cleanup job scheduled (every hour).
{Sun Mar 29 2026 11:40:15} [APP 🚀] info: [33m♻️  Application listening on port:5003[39m
{Sun Mar 29 2026 11:40:19} [APP 🚀] info: [32m🚀 Database connected successfully[39m
{Sun Mar 29 2026 11:40:19} [APP 🚀] info: [32m🍁 Server connected successfully[39m
{Sun Mar 29 2026 11:40:19} [APP 🚀] info: [CleanupJob] Pending order cleanup job scheduled (every hour).
{Sun Mar 29 2026 11:40:19} [APP 🚀] info: [33m♻️  Application listening on port:5003[39m
{Sun Mar 29 2026 11:40:20} [APP 🚀] info: [32m🚀 Database connected successfully[39m
{Sun Mar 29 2026 11:40:20} [APP 🚀] info: [32m🍁 Server connected successfully[39m
{Sun Mar 29 2026 11:40:20} [APP 🚀] info: [CleanupJob] Pending order cleanup job scheduled (every hour).
{Sun Mar 29 2026 11:40:20} [APP 🚀] info: [33m♻️  Application listening on port:5003[39m
{Sun Mar 29 2026 11:40:34} [APP 🚀] info: [32m🚀 Database connected successfully[39m
{Sun Mar 29 2026 11:40:34} [APP 🚀] info: [32m🍁 Server connected successfully[39m
{Sun Mar 29 2026 11:40:34} [APP 🚀] info: [CleanupJob] Pending order cleanup job scheduled (every hour).
{Sun Mar 29 2026 11:40:34} [APP 🚀] info: [33m♻️  Application listening on port:5003[39m
{Sun Mar 29 2026 11:40:38} [APP 🚀] info: [32m🚀 Database connected successfully[39m
{Sun Mar 29 2026 11:40:38} [APP 🚀] info: [32m🍁 Server connected successfully[39m
{Sun Mar 29 2026 11:40:38} [APP 🚀] info: [CleanupJob] Pending order cleanup job scheduled (every hour).
{Sun Mar 29 2026 11:40:38} [APP 🚀] info: [33m♻️  Application listening on port:5003[39m
{Sun Mar 29 2026 11:40:41} [APP 🚀] info: 103.186.20.7 - OPTIONS /api/v1/auth/forget-password 204 - 0.545 ms
{Sun Mar 29 2026 11:40:41} [APP 🚀] info: 103.186.20.7 - POST /api/v1/auth/forget-password 200 - 67.948 ms
{Sun Mar 29 2026 11:40:44} [APP 🚀] info: [32m🚀 Database connected successfully[39m
{Sun Mar 29 2026 11:40:44} [APP 🚀] info: [32m🍁 Server connected successfully[39m
{Sun Mar 29 2026 11:40:44} [APP 🚀] info: [CleanupJob] Pending order cleanup job scheduled (every hour).
{Sun Mar 29 2026 11:40:44} [APP 🚀] info: [33m♻️  Application listening on port:5003[39m
{Sun Mar 29 2026 11:42:07} [APP 🚀] info: 103.186.20.7 - OPTIONS /api/v1/auth/forget-password 204 - 0.516 ms
{Sun Mar 29 2026 11:42:07} [APP 🚀] info: 103.186.20.7 - POST /api/v1/auth/forget-password 200 - 23.230 ms
{Sun Mar 29 2026 11:42:13} [APP 🚀] info: Mail send successfully
{Sun Mar 29 2026 11:42:37} [APP 🚀] info: 103.186.20.7 - OPTIONS /api/v1/auth/verify-account 204 - 0.144 ms
{Sun Mar 29 2026 11:42:37} [APP 🚀] info: 103.186.20.7 - POST /api/v1/auth/verify-account 200 - 26.287 ms
{Sun Mar 29 2026 11:42:53} [APP 🚀] info: 103.186.20.7 - OPTIONS /api/v1/auth/reset-password 204 - 0.049 ms
{Sun Mar 29 2026 11:44:21} [APP 🚀] info: 103.186.20.7 - OPTIONS /api/v1/auth/reset-password 204 - 0.056 ms
{Sun Mar 29 2026 11:44:33} [APP 🚀] info: [32m🚀 Database connected successfully[39m
{Sun Mar 29 2026 11:44:33} [APP 🚀] info: [32m🍁 Server connected successfully[39m
{Sun Mar 29 2026 11:44:33} [APP 🚀] info: [CleanupJob] Pending order cleanup job scheduled (every hour).
{Sun Mar 29 2026 11:44:33} [APP 🚀] info: [33m♻️  Application listening on port:5003[39m
{Sun Mar 29 2026 11:44:41} [APP 🚀] info: 103.186.20.7 - OPTIONS /api/v1/auth/reset-password?token=3da1bc28e5b006761ac7e6774ff32bc80a573643e4b788098ff4cb6d51c5050b 204 - 0.512 ms
{Sun Mar 29 2026 11:44:42} [APP 🚀] info: 103.186.20.7 - POST /api/v1/auth/reset-password?token=3da1bc28e5b006761ac7e6774ff32bc80a573643e4b788098ff4cb6d51c5050b 200 - 247.360 ms
{Sun Mar 29 2026 11:45:04} [APP 🚀] info: 103.186.20.7 - OPTIONS /api/v1/auth/login 204 - 0.141 ms
{Sun Mar 29 2026 11:45:04} [APP 🚀] info: 103.186.20.7 - POST /api/v1/auth/login 200 - 225.692 ms
{Sun Mar 29 2026 11:45:05} [APP 🚀] info: 103.186.20.7 - OPTIONS /api/v1/user/me 204 - 0.058 ms
{Sun Mar 29 2026 11:45:05} [APP 🚀] info: 103.186.20.7 - GET /api/v1/user/me 200 - 6.053 ms
{Sun Mar 29 2026 11:45:05} [APP 🚀] info: 103.186.20.7 - GET /image/1774761876116-l1epyv.jpg 304 - 0.712 ms
{Sun Mar 29 2026 11:45:51} [APP 🚀] info: [32m🚀 Database connected successfully[39m
{Sun Mar 29 2026 11:45:51} [APP 🚀] info: [32m🍁 Server connected successfully[39m
{Sun Mar 29 2026 11:45:51} [APP 🚀] info: [CleanupJob] Pending order cleanup job scheduled (every hour).
{Sun Mar 29 2026 11:45:51} [APP 🚀] info: [33m♻️  Application listening on port:5003[39m
{Sun Mar 29 2026 11:46:40} [APP 🚀] info: [32m🚀 Database connected successfully[39m
{Sun Mar 29 2026 11:46:41} [APP 🚀] info: [32m🍁 Server connected successfully[39m
{Sun Mar 29 2026 11:46:41} [APP 🚀] info: [CleanupJob] Pending order cleanup job scheduled (every hour).
{Sun Mar 29 2026 11:46:41} [APP 🚀] info: [33m♻️  Application listening on port:5003[39m
{Sun Mar 29 2026 11:46:48} [APP 🚀] info: [32m🚀 Database connected successfully[39m
{Sun Mar 29 2026 11:46:48} [APP 🚀] info: [32m🍁 Server connected successfully[39m
{Sun Mar 29 2026 11:46:48} [APP 🚀] info: [CleanupJob] Pending order cleanup job scheduled (every hour).
{Sun Mar 29 2026 11:46:48} [APP 🚀] info: [33m♻️  Application listening on port:5003[39m
{Sun Mar 29 2026 11:47:12} [APP 🚀] info: [32m🚀 Database connected successfully[39m
{Sun Mar 29 2026 11:47:12} [APP 🚀] info: [32m🍁 Server connected successfully[39m
{Sun Mar 29 2026 11:47:12} [APP 🚀] info: [CleanupJob] Pending order cleanup job scheduled (every hour).
{Sun Mar 29 2026 11:47:12} [APP 🚀] info: [33m♻️  Application listening on port:5003[39m
{Sun Mar 29 2026 11:47:22} [APP 🚀] info: [32m🚀 Database connected successfully[39m
{Sun Mar 29 2026 11:47:22} [APP 🚀] info: [32m🍁 Server connected successfully[39m
{Sun Mar 29 2026 11:47:22} [APP 🚀] info: [CleanupJob] Pending order cleanup job scheduled (every hour).
{Sun Mar 29 2026 11:47:22} [APP 🚀] info: [33m♻️  Application listening on port:5003[39m
{Sun Mar 29 2026 11:47:44} [APP 🚀] info: [32m🚀 Database connected successfully[39m
{Sun Mar 29 2026 11:47:44} [APP 🚀] info: [32m🍁 Server connected successfully[39m
{Sun Mar 29 2026 11:47:44} [APP 🚀] info: [CleanupJob] Pending order cleanup job scheduled (every hour).
{Sun Mar 29 2026 11:47:44} [APP 🚀] info: [33m♻️  Application listening on port:5003[39m
{Sun Mar 29 2026 11:47:46} [APP 🚀] info: [32m🚀 Database connected successfully[39m
{Sun Mar 29 2026 11:47:46} [APP 🚀] info: [32m🍁 Server connected successfully[39m
{Sun Mar 29 2026 11:47:46} [APP 🚀] info: [CleanupJob] Pending order cleanup job scheduled (every hour).
{Sun Mar 29 2026 11:47:46} [APP 🚀] info: [33m♻️  Application listening on port:5003[39m
{Sun Mar 29 2026 11:47:52} [APP 🚀] info: [32m🚀 Database connected successfully[39m
{Sun Mar 29 2026 11:47:52} [APP 🚀] info: [32m🍁 Server connected successfully[39m
{Sun Mar 29 2026 11:47:52} [APP 🚀] info: [CleanupJob] Pending order cleanup job scheduled (every hour).
{Sun Mar 29 2026 11:47:52} [APP 🚀] info: [33m♻️  Application listening on port:5003[39m
{Sun Mar 29 2026 11:47:54} [APP 🚀] info: [32m🚀 Database connected successfully[39m
{Sun Mar 29 2026 11:47:54} [APP 🚀] info: [32m🍁 Server connected successfully[39m
{Sun Mar 29 2026 11:47:54} [APP 🚀] info: [CleanupJob] Pending order cleanup job scheduled (every hour).
{Sun Mar 29 2026 11:47:54} [APP 🚀] info: [33m♻️  Application listening on port:5003[39m
{Sun Mar 29 2026 11:47:56} [APP 🚀] info: [32m🚀 Database connected successfully[39m
{Sun Mar 29 2026 11:47:56} [APP 🚀] info: [32m🍁 Server connected successfully[39m
{Sun Mar 29 2026 11:47:56} [APP 🚀] info: [CleanupJob] Pending order cleanup job scheduled (every hour).
{Sun Mar 29 2026 11:47:56} [APP 🚀] info: [33m♻️  Application listening on port:5003[39m
{Sun Mar 29 2026 11:48:00} [APP 🚀] info: [32m🚀 Database connected successfully[39m
{Sun Mar 29 2026 11:48:00} [APP 🚀] info: [32m🍁 Server connected successfully[39m
{Sun Mar 29 2026 11:48:00} [APP 🚀] info: [CleanupJob] Pending order cleanup job scheduled (every hour).
{Sun Mar 29 2026 11:48:00} [APP 🚀] info: [33m♻️  Application listening on port:5003[39m
{Sun Mar 29 2026 11:48:07} [APP 🚀] info: [32m🚀 Database connected successfully[39m
{Sun Mar 29 2026 11:48:07} [APP 🚀] info: [32m🍁 Server connected successfully[39m
{Sun Mar 29 2026 11:48:07} [APP 🚀] info: [CleanupJob] Pending order cleanup job scheduled (every hour).
{Sun Mar 29 2026 11:48:07} [APP 🚀] info: [33m♻️  Application listening on port:5003[39m
{Sun Mar 29 2026 11:48:10} [APP 🚀] info: [32m🚀 Database connected successfully[39m
{Sun Mar 29 2026 11:48:10} [APP 🚀] info: [32m🍁 Server connected successfully[39m
{Sun Mar 29 2026 11:48:10} [APP 🚀] info: [CleanupJob] Pending order cleanup job scheduled (every hour).
{Sun Mar 29 2026 11:48:10} [APP 🚀] info: [33m♻️  Application listening on port:5003[39m
{Sun Mar 29 2026 11:49:05} [APP 🚀] info: [32m🚀 Database connected successfully[39m
{Sun Mar 29 2026 11:49:05} [APP 🚀] info: [32m🍁 Server connected successfully[39m
{Sun Mar 29 2026 11:49:05} [APP 🚀] info: [CleanupJob] Pending order cleanup job scheduled (every hour).
{Sun Mar 29 2026 11:49:05} [APP 🚀] info: [33m♻️  Application listening on port:5003[39m
{Sun Mar 29 2026 11:49:08} [APP 🚀] info: [32m🚀 Database connected successfully[39m
{Sun Mar 29 2026 11:49:08} [APP 🚀] info: [32m🍁 Server connected successfully[39m
{Sun Mar 29 2026 11:49:08} [APP 🚀] info: [CleanupJob] Pending order cleanup job scheduled (every hour).
{Sun Mar 29 2026 11:49:08} [APP 🚀] info: [33m♻️  Application listening on port:5003[39m
{Sun Mar 29 2026 11:49:11} [APP 🚀] info: [32m🚀 Database connected successfully[39m
{Sun Mar 29 2026 11:49:11} [APP 🚀] info: [32m🍁 Server connected successfully[39m
{Sun Mar 29 2026 11:49:11} [APP 🚀] info: [CleanupJob] Pending order cleanup job scheduled (every hour).
{Sun Mar 29 2026 11:49:11} [APP 🚀] info: [33m♻️  Application listening on port:5003[39m
{Sun Mar 29 2026 11:50:12} [APP 🚀] info: 103.186.20.7 - OPTIONS /api/v1/auth/change-password 204 - 0.538 ms
{Sun Mar 29 2026 11:50:12} [APP 🚀] info: 103.186.20.7 - OPTIONS /api/v1/user/me 204 - 0.087 ms
{Sun Mar 29 2026 11:50:12} [APP 🚀] info: 103.186.20.7 - GET /api/v1/user/me 304 - 5.768 ms
{Sun Mar 29 2026 11:51:03} [APP 🚀] info: [32m🚀 Database connected successfully[39m
{Sun Mar 29 2026 11:51:03} [APP 🚀] info: [32m🍁 Server connected successfully[39m
{Sun Mar 29 2026 11:51:03} [APP 🚀] info: [CleanupJob] Pending order cleanup job scheduled (every hour).
{Sun Mar 29 2026 11:51:03} [APP 🚀] info: [33m♻️  Application listening on port:5003[39m
{Sun Mar 29 2026 11:51:06} [APP 🚀] info: [32m🚀 Database connected successfully[39m
{Sun Mar 29 2026 11:51:06} [APP 🚀] info: [32m🍁 Server connected successfully[39m
{Sun Mar 29 2026 11:51:06} [APP 🚀] info: [CleanupJob] Pending order cleanup job scheduled (every hour).
{Sun Mar 29 2026 11:51:06} [APP 🚀] info: [33m♻️  Application listening on port:5003[39m
{Sun Mar 29 2026 11:51:09} [APP 🚀] info: [32m🚀 Database connected successfully[39m
{Sun Mar 29 2026 11:51:09} [APP 🚀] info: [32m🍁 Server connected successfully[39m
{Sun Mar 29 2026 11:51:09} [APP 🚀] info: [CleanupJob] Pending order cleanup job scheduled (every hour).
{Sun Mar 29 2026 11:51:09} [APP 🚀] info: [33m♻️  Application listening on port:5003[39m
{Sun Mar 29 2026 11:51:13} [APP 🚀] info: [32m🚀 Database connected successfully[39m
{Sun Mar 29 2026 11:51:13} [APP 🚀] info: [32m🍁 Server connected successfully[39m
{Sun Mar 29 2026 11:51:13} [APP 🚀] info: [CleanupJob] Pending order cleanup job scheduled (every hour).
{Sun Mar 29 2026 11:51:13} [APP 🚀] info: [33m♻️  Application listening on port:5003[39m
{Sun Mar 29 2026 11:51:22} [APP 🚀] info: [32m🚀 Database connected successfully[39m
{Sun Mar 29 2026 11:51:22} [APP 🚀] info: [32m🍁 Server connected successfully[39m
{Sun Mar 29 2026 11:51:22} [APP 🚀] info: [CleanupJob] Pending order cleanup job scheduled (every hour).
{Sun Mar 29 2026 11:51:22} [APP 🚀] info: [33m♻️  Application listening on port:5003[39m
{Sun Mar 29 2026 11:51:24} [APP 🚀] info: [32m🚀 Database connected successfully[39m
{Sun Mar 29 2026 11:51:24} [APP 🚀] info: [32m🍁 Server connected successfully[39m
{Sun Mar 29 2026 11:51:24} [APP 🚀] info: [CleanupJob] Pending order cleanup job scheduled (every hour).
{Sun Mar 29 2026 11:51:24} [APP 🚀] info: [33m♻️  Application listening on port:5003[39m
{Sun Mar 29 2026 11:51:28} [APP 🚀] info: [32m🚀 Database connected successfully[39m
{Sun Mar 29 2026 11:51:28} [APP 🚀] info: [32m🍁 Server connected successfully[39m
{Sun Mar 29 2026 11:51:28} [APP 🚀] info: [CleanupJob] Pending order cleanup job scheduled (every hour).
{Sun Mar 29 2026 11:51:28} [APP 🚀] info: [33m♻️  Application listening on port:5003[39m
{Sun Mar 29 2026 11:51:34} [APP 🚀] info: [32m🚀 Database connected successfully[39m
{Sun Mar 29 2026 11:51:34} [APP 🚀] info: [32m🍁 Server connected successfully[39m
{Sun Mar 29 2026 11:51:34} [APP 🚀] info: [CleanupJob] Pending order cleanup job scheduled (every hour).
{Sun Mar 29 2026 11:51:34} [APP 🚀] info: [33m♻️  Application listening on port:5003[39m
{Sun Mar 29 2026 11:51:35} [APP 🚀] info: [32m🚀 Database connected successfully[39m
{Sun Mar 29 2026 11:51:35} [APP 🚀] info: [32m🍁 Server connected successfully[39m
{Sun Mar 29 2026 11:51:35} [APP 🚀] info: [CleanupJob] Pending order cleanup job scheduled (every hour).
{Sun Mar 29 2026 11:51:35} [APP 🚀] info: [33m♻️  Application listening on port:5003[39m
{Sun Mar 29 2026 11:51:40} [APP 🚀] info: 103.186.20.7 - OPTIONS /api/v1/user/me 204 - 0.495 ms
{Sun Mar 29 2026 11:51:40} [APP 🚀] info: 103.186.20.7 - GET /api/v1/user/me 304 - 8.626 ms
{Sun Mar 29 2026 11:51:53} [APP 🚀] info: 103.186.20.7 - OPTIONS /api/v1/auth/change-password 204 - 0.106 ms
{Sun Mar 29 2026 11:51:53} [APP 🚀] info: 103.186.20.7 - POST /api/v1/auth/change-password 200 - 467.671 ms
{Sun Mar 29 2026 11:51:53} [APP 🚀] info: 103.186.20.7 - OPTIONS /api/v1/user/me 204 - 0.040 ms
{Sun Mar 29 2026 11:51:53} [APP 🚀] info: 103.186.20.7 - GET /api/v1/user/me 200 - 4.867 ms
