{Thu Mar 26 2026 10:00:00} [APP 🚀] info: [CleanupJob] Running pending order cleanup...
{Thu Mar 26 2026 10:00:00} [APP 🚀] info: [CleanupJob] No stale pending orders found.
{Thu Mar 26 2026 10:02:13} [APP 🚀] info: [32m🚀 Database connected successfully[39m
{Thu Mar 26 2026 10:02:13} [APP 🚀] info: [32m🍁 Server connected successfully[39m
{Thu Mar 26 2026 10:02:13} [APP 🚀] info: [CleanupJob] Pending order cleanup job scheduled (every hour).
{Thu Mar 26 2026 10:02:13} [APP 🚀] info: [33m♻️  Application listening on port:5003[39m
{Thu Mar 26 2026 10:02:26} [APP 🚀] info: [32m🚀 Database connected successfully[39m
{Thu Mar 26 2026 10:02:26} [APP 🚀] info: [32m🍁 Server connected successfully[39m
{Thu Mar 26 2026 10:02:26} [APP 🚀] info: [CleanupJob] Pending order cleanup job scheduled (every hour).
{Thu Mar 26 2026 10:02:26} [APP 🚀] info: [33m♻️  Application listening on port:5003[39m
{Thu Mar 26 2026 10:02:29} [APP 🚀] info: [32m🚀 Database connected successfully[39m
{Thu Mar 26 2026 10:02:29} [APP 🚀] info: [32m🍁 Server connected successfully[39m
{Thu Mar 26 2026 10:02:29} [APP 🚀] info: [CleanupJob] Pending order cleanup job scheduled (every hour).
{Thu Mar 26 2026 10:02:29} [APP 🚀] info: [33m♻️  Application listening on port:5003[39m
{Thu Mar 26 2026 10:05:47} [APP 🚀] info: ::ffff:10.10.7.50 - POST /api/v1/public 200 - 21.329 ms
{Thu Mar 26 2026 10:06:13} [APP 🚀] info: [32m🚀 Database connected successfully[39m
{Thu Mar 26 2026 10:06:13} [APP 🚀] info: [32m🍁 Server connected successfully[39m
{Thu Mar 26 2026 10:06:13} [APP 🚀] info: [CleanupJob] Pending order cleanup job scheduled (every hour).
{Thu Mar 26 2026 10:06:13} [APP 🚀] info: [33m♻️  Application listening on port:5003[39m
{Thu Mar 26 2026 10:06:17} [APP 🚀] info: [32m🚀 Database connected successfully[39m
{Thu Mar 26 2026 10:06:17} [APP 🚀] info: [32m🍁 Server connected successfully[39m
{Thu Mar 26 2026 10:06:17} [APP 🚀] info: [CleanupJob] Pending order cleanup job scheduled (every hour).
{Thu Mar 26 2026 10:06:17} [APP 🚀] info: [33m♻️  Application listening on port:5003[39m
{Thu Mar 26 2026 10:06:32} [APP 🚀] info: ::ffff:10.10.7.50 - POST /api/v1/public 200 - 12.646 ms
{Thu Mar 26 2026 10:07:42} [APP 🚀] info: ::ffff:10.10.7.50 - POST /api/v1/public 200 - 6.774 ms
{Thu Mar 26 2026 10:08:32} [APP 🚀] info: [32m🚀 Database connected successfully[39m
{Thu Mar 26 2026 10:08:32} [APP 🚀] info: [32m🍁 Server connected successfully[39m
{Thu Mar 26 2026 10:08:32} [APP 🚀] info: [CleanupJob] Pending order cleanup job scheduled (every hour).
{Thu Mar 26 2026 10:08:32} [APP 🚀] info: [33m♻️  Application listening on port:5003[39m
{Thu Mar 26 2026 10:09:33} [APP 🚀] info: ::ffff:10.10.7.50 - GET /api/v1/public/privacy%20policy 200 - 6.376 ms
{Thu Mar 26 2026 10:09:42} [APP 🚀] info: ::ffff:10.10.7.50 - POST /api/v1/public 200 - 20.087 ms
{Thu Mar 26 2026 10:09:46} [APP 🚀] info: ::ffff:10.10.7.50 - GET /api/v1/public/privacy%20policy 200 - 2.088 ms
{Thu Mar 26 2026 10:11:24} [APP 🚀] info: ::ffff:10.10.7.50 - POST /api/v1/public 200 - 11.771 ms
{Thu Mar 26 2026 10:11:34} [APP 🚀] info: ::ffff:10.10.7.50 - POST /api/v1/public 200 - 6.575 ms
{Thu Mar 26 2026 10:12:18} [APP 🚀] info: ::ffff:10.10.7.50 - GET /api/v1/public/terms-and-condition 200 - 2.763 ms
{Thu Mar 26 2026 10:30:01} [APP 🚀] info: [32m🚀 Database connected successfully[39m
{Thu Mar 26 2026 10:30:01} [APP 🚀] info: [32m🍁 Server connected successfully[39m
{Thu Mar 26 2026 10:30:01} [APP 🚀] info: [CleanupJob] Pending order cleanup job scheduled (every hour).
{Thu Mar 26 2026 10:30:01} [APP 🚀] info: [33m♻️  Application listening on port:5003[39m
{Thu Mar 26 2026 10:30:15} [APP 🚀] info: [32m🚀 Database connected successfully[39m
{Thu Mar 26 2026 10:30:15} [APP 🚀] info: [32m🍁 Server connected successfully[39m
{Thu Mar 26 2026 10:30:15} [APP 🚀] info: [CleanupJob] Pending order cleanup job scheduled (every hour).
{Thu Mar 26 2026 10:30:15} [APP 🚀] info: [33m♻️  Application listening on port:5003[39m
{Thu Mar 26 2026 10:30:42} [APP 🚀] info: [32m🚀 Database connected successfully[39m
{Thu Mar 26 2026 10:30:42} [APP 🚀] info: [32m🍁 Server connected successfully[39m
{Thu Mar 26 2026 10:30:42} [APP 🚀] info: [CleanupJob] Pending order cleanup job scheduled (every hour).
{Thu Mar 26 2026 10:30:42} [APP 🚀] info: [33m♻️  Application listening on port:5003[39m
{Thu Mar 26 2026 10:30:44} [APP 🚀] info: [32m🚀 Database connected successfully[39m
{Thu Mar 26 2026 10:30:44} [APP 🚀] info: [32m🍁 Server connected successfully[39m
{Thu Mar 26 2026 10:30:44} [APP 🚀] info: [CleanupJob] Pending order cleanup job scheduled (every hour).
{Thu Mar 26 2026 10:30:44} [APP 🚀] info: [33m♻️  Application listening on port:5003[39m
{Thu Mar 26 2026 10:31:25} [APP 🚀] info: [32m🚀 Database connected successfully[39m
{Thu Mar 26 2026 10:31:25} [APP 🚀] info: [32m🍁 Server connected successfully[39m
{Thu Mar 26 2026 10:31:25} [APP 🚀] info: [CleanupJob] Pending order cleanup job scheduled (every hour).
{Thu Mar 26 2026 10:31:25} [APP 🚀] info: [33m♻️  Application listening on port:5003[39m
{Thu Mar 26 2026 10:31:27} [APP 🚀] info: [32m🚀 Database connected successfully[39m
{Thu Mar 26 2026 10:31:27} [APP 🚀] info: [32m🍁 Server connected successfully[39m
{Thu Mar 26 2026 10:31:27} [APP 🚀] info: [CleanupJob] Pending order cleanup job scheduled (every hour).
{Thu Mar 26 2026 10:31:27} [APP 🚀] info: [33m♻️  Application listening on port:5003[39m
{Thu Mar 26 2026 10:31:32} [APP 🚀] info: [32m🚀 Database connected successfully[39m
{Thu Mar 26 2026 10:31:32} [APP 🚀] info: [32m🍁 Server connected successfully[39m
{Thu Mar 26 2026 10:31:32} [APP 🚀] info: [CleanupJob] Pending order cleanup job scheduled (every hour).
{Thu Mar 26 2026 10:31:32} [APP 🚀] info: [33m♻️  Application listening on port:5003[39m
{Thu Mar 26 2026 10:31:38} [APP 🚀] info: [32m🚀 Database connected successfully[39m
{Thu Mar 26 2026 10:31:38} [APP 🚀] info: [32m🍁 Server connected successfully[39m
{Thu Mar 26 2026 10:31:38} [APP 🚀] info: [CleanupJob] Pending order cleanup job scheduled (every hour).
{Thu Mar 26 2026 10:31:38} [APP 🚀] info: [33m♻️  Application listening on port:5003[39m
{Thu Mar 26 2026 10:31:47} [APP 🚀] info: [32m🚀 Database connected successfully[39m
{Thu Mar 26 2026 10:31:47} [APP 🚀] info: [32m🍁 Server connected successfully[39m
{Thu Mar 26 2026 10:31:47} [APP 🚀] info: [CleanupJob] Pending order cleanup job scheduled (every hour).
{Thu Mar 26 2026 10:31:47} [APP 🚀] info: [33m♻️  Application listening on port:5003[39m
{Thu Mar 26 2026 10:31:52} [APP 🚀] info: [32m🚀 Database connected successfully[39m
{Thu Mar 26 2026 10:31:52} [APP 🚀] info: [32m🍁 Server connected successfully[39m
{Thu Mar 26 2026 10:31:52} [APP 🚀] info: [CleanupJob] Pending order cleanup job scheduled (every hour).
{Thu Mar 26 2026 10:31:52} [APP 🚀] info: [33m♻️  Application listening on port:5003[39m
