{Sun Mar 29 2026 09:00:00} [APP рЯЪА] info: [CleanupJob] Running pending order cleanup...
{Sun Mar 29 2026 09:00:01} [APP рЯЪА] info: [CleanupJob] No stale pending orders found.
{Sun Mar 29 2026 09:04:51} [APP рЯЪА] info: [32mрЯЪА Database connected successfully[39m
{Sun Mar 29 2026 09:04:51} [APP рЯЪА] info: [32mрЯНБ Server connected successfully[39m
{Sun Mar 29 2026 09:04:51} [APP рЯЪА] info: [CleanupJob] Pending order cleanup job scheduled (every hour).
{Sun Mar 29 2026 09:04:51} [APP рЯЪА] info: [33mвЩїпЄП  Application listening on port:5003[39m
{Sun Mar 29 2026 09:07:12} [APP рЯЪА] info: [32mрЯЪА Database connected successfully[39m
{Sun Mar 29 2026 09:07:12} [APP рЯЪА] info: [32mрЯНБ Server connected successfully[39m
{Sun Mar 29 2026 09:07:12} [APP рЯЪА] info: [CleanupJob] Pending order cleanup job scheduled (every hour).
{Sun Mar 29 2026 09:07:12} [APP рЯЪА] info: [33mвЩїпЄП  Application listening on port:5003[39m
{Sun Mar 29 2026 09:07:20} [APP рЯЪА] info: [32mрЯЪА Database connected successfully[39m
{Sun Mar 29 2026 09:07:20} [APP рЯЪА] info: [32mрЯНБ Server connected successfully[39m
{Sun Mar 29 2026 09:07:20} [APP рЯЪА] info: [CleanupJob] Pending order cleanup job scheduled (every hour).
{Sun Mar 29 2026 09:07:20} [APP рЯЪА] info: [33mвЩїпЄП  Application listening on port:5003[39m
{Sun Mar 29 2026 09:07:33} [APP рЯЪА] info: [32mрЯЪА Database connected successfully[39m
{Sun Mar 29 2026 09:07:33} [APP рЯЪА] info: [32mрЯНБ Server connected successfully[39m
{Sun Mar 29 2026 09:07:33} [APP рЯЪА] info: [CleanupJob] Pending order cleanup job scheduled (every hour).
{Sun Mar 29 2026 09:07:33} [APP рЯЪА] info: [33mвЩїпЄП  Application listening on port:5003[39m
{Sun Mar 29 2026 09:07:44} [APP рЯЪА] info: [32mрЯЪА Database connected successfully[39m
{Sun Mar 29 2026 09:07:44} [APP рЯЪА] info: [32mрЯНБ Server connected successfully[39m
{Sun Mar 29 2026 09:07:44} [APP рЯЪА] info: [CleanupJob] Pending order cleanup job scheduled (every hour).
{Sun Mar 29 2026 09:07:44} [APP рЯЪА] info: [33mвЩїпЄП  Application listening on port:5003[39m
{Sun Mar 29 2026 09:07:54} [APP рЯЪА] info: [32mрЯЪА Database connected successfully[39m
{Sun Mar 29 2026 09:07:54} [APP рЯЪА] info: [32mрЯНБ Server connected successfully[39m
{Sun Mar 29 2026 09:07:54} [APP рЯЪА] info: [CleanupJob] Pending order cleanup job scheduled (every hour).
{Sun Mar 29 2026 09:07:54} [APP рЯЪА] info: [33mвЩїпЄП  Application listening on port:5003[39m
{Sun Mar 29 2026 09:12:24} [APP рЯЪА] info: Connected to MongoDB for backfilling IDs
{Sun Mar 29 2026 09:12:24} [APP рЯЪА] info: Backfilling 6 User records...
{Sun Mar 29 2026 09:12:24} [APP рЯЪА] info: вЬЕ Finished backfilling User
{Sun Mar 29 2026 09:12:24} [APP рЯЪА] info: Backfilling 4 Order records...
{Sun Mar 29 2026 09:12:24} [APP рЯЪА] info: вЬЕ Finished backfilling Order
{Sun Mar 29 2026 09:12:24} [APP рЯЪА] info: Backfilling 4 Payment records...
{Sun Mar 29 2026 09:12:24} [APP рЯЪА] info: вЬЕ Finished backfilling Payment
{Sun Mar 29 2026 09:12:24} [APP рЯЪА] info: Backfilling 8 Product records...
{Sun Mar 29 2026 09:12:24} [APP рЯЪА] info: вЬЕ Finished backfilling Product
{Sun Mar 29 2026 09:12:24} [APP рЯЪА] info: Backfilling 2 Category records...
{Sun Mar 29 2026 09:12:24} [APP рЯЪА] info: вЬЕ Finished backfilling Category
{Sun Mar 29 2026 09:16:24} [APP рЯЪА] info: [32mрЯЪА Database connected successfully[39m
{Sun Mar 29 2026 09:16:24} [APP рЯЪА] info: [32mрЯНБ Server connected successfully[39m
{Sun Mar 29 2026 09:16:24} [APP рЯЪА] info: [CleanupJob] Pending order cleanup job scheduled (every hour).
{Sun Mar 29 2026 09:16:24} [APP рЯЪА] info: [33mвЩїпЄП  Application listening on port:5003[39m
{Sun Mar 29 2026 09:16:26} [APP рЯЪА] info: [32mрЯЪА Database connected successfully[39m
{Sun Mar 29 2026 09:16:26} [APP рЯЪА] info: [32mрЯНБ Server connected successfully[39m
{Sun Mar 29 2026 09:16:26} [APP рЯЪА] info: [CleanupJob] Pending order cleanup job scheduled (every hour).
{Sun Mar 29 2026 09:16:26} [APP рЯЪА] info: [33mвЩїпЄП  Application listening on port:5003[39m
{Sun Mar 29 2026 09:16:27} [APP рЯЪА] info: [32mрЯЪА Database connected successfully[39m
{Sun Mar 29 2026 09:16:27} [APP рЯЪА] info: [32mрЯНБ Server connected successfully[39m
{Sun Mar 29 2026 09:16:27} [APP рЯЪА] info: [CleanupJob] Pending order cleanup job scheduled (every hour).
{Sun Mar 29 2026 09:16:27} [APP рЯЪА] info: [33mвЩїпЄП  Application listening on port:5003[39m
{Sun Mar 29 2026 09:16:38} [APP рЯЪА] info: [32mрЯЪА Database connected successfully[39m
{Sun Mar 29 2026 09:16:38} [APP рЯЪА] info: [32mрЯНБ Server connected successfully[39m
{Sun Mar 29 2026 09:16:38} [APP рЯЪА] info: [CleanupJob] Pending order cleanup job scheduled (every hour).
{Sun Mar 29 2026 09:16:38} [APP рЯЪА] info: [33mвЩїпЄП  Application listening on port:5003[39m
{Sun Mar 29 2026 09:18:59} [APP рЯЪА] info: [32mрЯЪА Database connected successfully[39m
{Sun Mar 29 2026 09:18:59} [APP рЯЪА] info: [32mрЯНБ Server connected successfully[39m
{Sun Mar 29 2026 09:18:59} [APP рЯЪА] info: [CleanupJob] Pending order cleanup job scheduled (every hour).
{Sun Mar 29 2026 09:18:59} [APP рЯЪА] info: [33mвЩїпЄП  Application listening on port:5003[39m
{Sun Mar 29 2026 09:19:01} [APP рЯЪА] info: [32mрЯЪА Database connected successfully[39m
{Sun Mar 29 2026 09:19:01} [APP рЯЪА] info: [32mрЯНБ Server connected successfully[39m
{Sun Mar 29 2026 09:19:01} [APP рЯЪА] info: [CleanupJob] Pending order cleanup job scheduled (every hour).
{Sun Mar 29 2026 09:19:01} [APP рЯЪА] info: [33mвЩїпЄП  Application listening on port:5003[39m
{Sun Mar 29 2026 09:19:17} [APP рЯЪА] info: [32mрЯЪА Database connected successfully[39m
{Sun Mar 29 2026 09:19:17} [APP рЯЪА] info: [32mрЯНБ Server connected successfully[39m
{Sun Mar 29 2026 09:19:17} [APP рЯЪА] info: [CleanupJob] Pending order cleanup job scheduled (every hour).
{Sun Mar 29 2026 09:19:17} [APP рЯЪА] info: [33mвЩїпЄП  Application listening on port:5003[39m
{Sun Mar 29 2026 09:19:43} [APP рЯЪА] info: [32mрЯЪА Database connected successfully[39m
{Sun Mar 29 2026 09:19:43} [APP рЯЪА] info: [32mрЯНБ Server connected successfully[39m
{Sun Mar 29 2026 09:19:43} [APP рЯЪА] info: [CleanupJob] Pending order cleanup job scheduled (every hour).
{Sun Mar 29 2026 09:19:43} [APP рЯЪА] info: [33mвЩїпЄП  Application listening on port:5003[39m
{Sun Mar 29 2026 09:19:48} [APP рЯЪА] info: [32mрЯЪА Database connected successfully[39m
{Sun Mar 29 2026 09:19:48} [APP рЯЪА] info: [32mрЯНБ Server connected successfully[39m
{Sun Mar 29 2026 09:19:48} [APP рЯЪА] info: [CleanupJob] Pending order cleanup job scheduled (every hour).
{Sun Mar 29 2026 09:19:48} [APP рЯЪА] info: [33mвЩїпЄП  Application listening on port:5003[39m
{Sun Mar 29 2026 09:19:53} [APP рЯЪА] info: [32mрЯЪА Database connected successfully[39m
{Sun Mar 29 2026 09:19:53} [APP рЯЪА] info: [32mрЯНБ Server connected successfully[39m
{Sun Mar 29 2026 09:19:53} [APP рЯЪА] info: [CleanupJob] Pending order cleanup job scheduled (every hour).
{Sun Mar 29 2026 09:19:53} [APP рЯЪА] info: [33mвЩїпЄП  Application listening on port:5003[39m
{Sun Mar 29 2026 09:19:57} [APP рЯЪА] info: [32mрЯЪА Database connected successfully[39m
{Sun Mar 29 2026 09:19:57} [APP рЯЪА] info: [32mрЯНБ Server connected successfully[39m
{Sun Mar 29 2026 09:19:57} [APP рЯЪА] info: [CleanupJob] Pending order cleanup job scheduled (every hour).
{Sun Mar 29 2026 09:19:57} [APP рЯЪА] info: [33mвЩїпЄП  Application listening on port:5003[39m
{Sun Mar 29 2026 09:20:00} [APP рЯЪА] info: [32mрЯЪА Database connected successfully[39m
{Sun Mar 29 2026 09:20:00} [APP рЯЪА] info: [32mрЯНБ Server connected successfully[39m
{Sun Mar 29 2026 09:20:00} [APP рЯЪА] info: [CleanupJob] Pending order cleanup job scheduled (every hour).
{Sun Mar 29 2026 09:20:00} [APP рЯЪА] info: [33mвЩїпЄП  Application listening on port:5003[39m
{Sun Mar 29 2026 09:20:03} [APP рЯЪА] info: [32mрЯЪА Database connected successfully[39m
{Sun Mar 29 2026 09:20:03} [APP рЯЪА] info: [32mрЯНБ Server connected successfully[39m
{Sun Mar 29 2026 09:20:03} [APP рЯЪА] info: [CleanupJob] Pending order cleanup job scheduled (every hour).
{Sun Mar 29 2026 09:20:03} [APP рЯЪА] info: [33mвЩїпЄП  Application listening on port:5003[39m
{Sun Mar 29 2026 09:20:05} [APP рЯЪА] info: [32mрЯЪА Database connected successfully[39m
{Sun Mar 29 2026 09:20:05} [APP рЯЪА] info: [32mрЯНБ Server connected successfully[39m
{Sun Mar 29 2026 09:20:05} [APP рЯЪА] info: [CleanupJob] Pending order cleanup job scheduled (every hour).
{Sun Mar 29 2026 09:20:05} [APP рЯЪА] info: [33mвЩїпЄП  Application listening on port:5003[39m
{Sun Mar 29 2026 09:20:09} [APP рЯЪА] info: [32mрЯЪА Database connected successfully[39m
{Sun Mar 29 2026 09:20:09} [APP рЯЪА] info: [32mрЯНБ Server connected successfully[39m
{Sun Mar 29 2026 09:20:09} [APP рЯЪА] info: [CleanupJob] Pending order cleanup job scheduled (every hour).
{Sun Mar 29 2026 09:20:09} [APP рЯЪА] info: [33mвЩїпЄП  Application listening on port:5003[39m
{Sun Mar 29 2026 09:20:12} [APP рЯЪА] info: [32mрЯЪА Database connected successfully[39m
{Sun Mar 29 2026 09:20:12} [APP рЯЪА] info: [32mрЯНБ Server connected successfully[39m
{Sun Mar 29 2026 09:20:12} [APP рЯЪА] info: [CleanupJob] Pending order cleanup job scheduled (every hour).
{Sun Mar 29 2026 09:20:12} [APP рЯЪА] info: [33mвЩїпЄП  Application listening on port:5003[39m
{Sun Mar 29 2026 09:20:57} [APP рЯЪА] info: [32mрЯЪА Database connected successfully[39m
{Sun Mar 29 2026 09:20:57} [APP рЯЪА] info: [32mрЯНБ Server connected successfully[39m
{Sun Mar 29 2026 09:20:57} [APP рЯЪА] info: [CleanupJob] Pending order cleanup job scheduled (every hour).
{Sun Mar 29 2026 09:20:57} [APP рЯЪА] info: [33mвЩїпЄП  Application listening on port:5003[39m
{Sun Mar 29 2026 09:21:03} [APP рЯЪА] info: [32mрЯЪА Database connected successfully[39m
{Sun Mar 29 2026 09:21:04} [APP рЯЪА] info: [32mрЯНБ Server connected successfully[39m
{Sun Mar 29 2026 09:21:04} [APP рЯЪА] info: [CleanupJob] Pending order cleanup job scheduled (every hour).
{Sun Mar 29 2026 09:21:04} [APP рЯЪА] info: [33mвЩїпЄП  Application listening on port:5003[39m
{Sun Mar 29 2026 09:21:13} [APP рЯЪА] info: [32mрЯЪА Database connected successfully[39m
{Sun Mar 29 2026 09:21:13} [APP рЯЪА] info: [32mрЯНБ Server connected successfully[39m
{Sun Mar 29 2026 09:21:13} [APP рЯЪА] info: [CleanupJob] Pending order cleanup job scheduled (every hour).
{Sun Mar 29 2026 09:21:13} [APP рЯЪА] info: [33mвЩїпЄП  Application listening on port:5003[39m
{Sun Mar 29 2026 09:21:20} [APP рЯЪА] info: [32mрЯЪА Database connected successfully[39m
{Sun Mar 29 2026 09:21:21} [APP рЯЪА] info: [32mрЯНБ Server connected successfully[39m
{Sun Mar 29 2026 09:21:21} [APP рЯЪА] info: [CleanupJob] Pending order cleanup job scheduled (every hour).
{Sun Mar 29 2026 09:21:21} [APP рЯЪА] info: [33mвЩїпЄП  Application listening on port:5003[39m
{Sun Mar 29 2026 09:21:27} [APP рЯЪА] info: [32mрЯЪА Database connected successfully[39m
{Sun Mar 29 2026 09:21:27} [APP рЯЪА] info: [32mрЯНБ Server connected successfully[39m
{Sun Mar 29 2026 09:21:27} [APP рЯЪА] info: [CleanupJob] Pending order cleanup job scheduled (every hour).
{Sun Mar 29 2026 09:21:27} [APP рЯЪА] info: [33mвЩїпЄП  Application listening on port:5003[39m
{Sun Mar 29 2026 09:21:32} [APP рЯЪА] info: [32mрЯЪА Database connected successfully[39m
{Sun Mar 29 2026 09:21:32} [APP рЯЪА] info: [32mрЯНБ Server connected successfully[39m
{Sun Mar 29 2026 09:21:32} [APP рЯЪА] info: [CleanupJob] Pending order cleanup job scheduled (every hour).
{Sun Mar 29 2026 09:21:32} [APP рЯЪА] info: [33mвЩїпЄП  Application listening on port:5003[39m
{Sun Mar 29 2026 09:22:21} [APP рЯЪА] info: [32mрЯЪА Database connected successfully[39m
{Sun Mar 29 2026 09:22:21} [APP рЯЪА] info: [32mрЯНБ Server connected successfully[39m
{Sun Mar 29 2026 09:22:21} [APP рЯЪА] info: [CleanupJob] Pending order cleanup job scheduled (every hour).
{Sun Mar 29 2026 09:22:21} [APP рЯЪА] info: [33mвЩїпЄП  Application listening on port:5003[39m
{Sun Mar 29 2026 09:22:23} [APP рЯЪА] info: [32mрЯЪА Database connected successfully[39m
{Sun Mar 29 2026 09:22:23} [APP рЯЪА] info: [32mрЯНБ Server connected successfully[39m
{Sun Mar 29 2026 09:22:23} [APP рЯЪА] info: [CleanupJob] Pending order cleanup job scheduled (every hour).
{Sun Mar 29 2026 09:22:23} [APP рЯЪА] info: [33mвЩїпЄП  Application listening on port:5003[39m
{Sun Mar 29 2026 09:22:26} [APP рЯЪА] info: [32mрЯЪА Database connected successfully[39m
{Sun Mar 29 2026 09:22:26} [APP рЯЪА] info: [32mрЯНБ Server connected successfully[39m
{Sun Mar 29 2026 09:22:26} [APP рЯЪА] info: [CleanupJob] Pending order cleanup job scheduled (every hour).
{Sun Mar 29 2026 09:22:26} [APP рЯЪА] info: [33mвЩїпЄП  Application listening on port:5003[39m
{Sun Mar 29 2026 09:23:01} [APP рЯЪА] info: [32mрЯЪА Database connected successfully[39m
{Sun Mar 29 2026 09:23:01} [APP рЯЪА] info: [32mрЯНБ Server connected successfully[39m
{Sun Mar 29 2026 09:23:01} [APP рЯЪА] info: [CleanupJob] Pending order cleanup job scheduled (every hour).
{Sun Mar 29 2026 09:23:01} [APP рЯЪА] info: [33mвЩїпЄП  Application listening on port:5003[39m
{Sun Mar 29 2026 09:23:03} [APP рЯЪА] info: [32mрЯЪА Database connected successfully[39m
{Sun Mar 29 2026 09:23:03} [APP рЯЪА] info: [32mрЯНБ Server connected successfully[39m
{Sun Mar 29 2026 09:23:03} [APP рЯЪА] info: [CleanupJob] Pending order cleanup job scheduled (every hour).
{Sun Mar 29 2026 09:23:03} [APP рЯЪА] info: [33mвЩїпЄП  Application listening on port:5003[39m
{Sun Mar 29 2026 09:24:28} [APP рЯЪА] info: [32mрЯЪА Database connected successfully[39m
{Sun Mar 29 2026 09:24:29} [APP рЯЪА] info: [32mрЯНБ Server connected successfully[39m
{Sun Mar 29 2026 09:24:29} [APP рЯЪА] info: [CleanupJob] Pending order cleanup job scheduled (every hour).
{Sun Mar 29 2026 09:24:29} [APP рЯЪА] info: [33mвЩїпЄП  Application listening on port:5003[39m
{Sun Mar 29 2026 09:24:31} [APP рЯЪА] info: [32mрЯЪА Database connected successfully[39m
{Sun Mar 29 2026 09:24:31} [APP рЯЪА] info: [32mрЯНБ Server connected successfully[39m
{Sun Mar 29 2026 09:24:31} [APP рЯЪА] info: [CleanupJob] Pending order cleanup job scheduled (every hour).
{Sun Mar 29 2026 09:24:31} [APP рЯЪА] info: [33mвЩїпЄП  Application listening on port:5003[39m
{Sun Mar 29 2026 09:24:42} [APP рЯЪА] info: [32mрЯЪА Database connected successfully[39m
{Sun Mar 29 2026 09:24:42} [APP рЯЪА] info: [32mрЯНБ Server connected successfully[39m
{Sun Mar 29 2026 09:24:42} [APP рЯЪА] info: [CleanupJob] Pending order cleanup job scheduled (every hour).
{Sun Mar 29 2026 09:24:42} [APP рЯЪА] info: [33mвЩїпЄП  Application listening on port:5003[39m
{Sun Mar 29 2026 09:24:54} [APP рЯЪА] info: [32mрЯЪА Database connected successfully[39m
{Sun Mar 29 2026 09:24:54} [APP рЯЪА] info: [32mрЯНБ Server connected successfully[39m
{Sun Mar 29 2026 09:24:54} [APP рЯЪА] info: [CleanupJob] Pending order cleanup job scheduled (every hour).
{Sun Mar 29 2026 09:24:54} [APP рЯЪА] info: [33mвЩїпЄП  Application listening on port:5003[39m
{Sun Mar 29 2026 09:25:32} [APP рЯЪА] info: [32mрЯЪА Database connected successfully[39m
{Sun Mar 29 2026 09:25:32} [APP рЯЪА] info: [32mрЯНБ Server connected successfully[39m
{Sun Mar 29 2026 09:25:32} [APP рЯЪА] info: [CleanupJob] Pending order cleanup job scheduled (every hour).
{Sun Mar 29 2026 09:25:32} [APP рЯЪА] info: [33mвЩїпЄП  Application listening on port:5003[39m
{Sun Mar 29 2026 09:25:34} [APP рЯЪА] info: [32mрЯЪА Database connected successfully[39m
{Sun Mar 29 2026 09:25:34} [APP рЯЪА] info: [32mрЯНБ Server connected successfully[39m
{Sun Mar 29 2026 09:25:34} [APP рЯЪА] info: [CleanupJob] Pending order cleanup job scheduled (every hour).
{Sun Mar 29 2026 09:25:34} [APP рЯЪА] info: [33mвЩїпЄП  Application listening on port:5003[39m
