{Thu Mar 26 2026 08:22:15} [APP рџљЂ] info: [32mрџљЂ Database connected successfully[39m
{Thu Mar 26 2026 08:22:15} [APP рџљЂ] info: [32mрџЌЃ Server connected successfully[39m
{Thu Mar 26 2026 08:22:15} [APP рџљЂ] info: [CleanupJob] Pending order cleanup job scheduled (every hour).
{Thu Mar 26 2026 08:22:15} [APP рџљЂ] info: [33mв™»пёЏ  Application listening on port:5003[39m
{Thu Mar 26 2026 08:28:15} [APP рџљЂ] info: ::ffff:10.10.7.50 - GET /api/v1/user/me 200 - 19.682 ms
{Thu Mar 26 2026 08:32:13} [APP рџљЂ] info: [32mрџљЂ Database connected successfully[39m
{Thu Mar 26 2026 08:32:13} [APP рџљЂ] info: [32mрџЌЃ Server connected successfully[39m
{Thu Mar 26 2026 08:32:13} [APP рџљЂ] info: [CleanupJob] Pending order cleanup job scheduled (every hour).
{Thu Mar 26 2026 08:32:13} [APP рџљЂ] info: [33mв™»пёЏ  Application listening on port:5003[39m
{Thu Mar 26 2026 08:32:22} [APP рџљЂ] info: [32mрџљЂ Database connected successfully[39m
{Thu Mar 26 2026 08:32:22} [APP рџљЂ] info: [32mрџЌЃ Server connected successfully[39m
{Thu Mar 26 2026 08:32:22} [APP рџљЂ] info: [CleanupJob] Pending order cleanup job scheduled (every hour).
{Thu Mar 26 2026 08:32:22} [APP рџљЂ] info: [33mв™»пёЏ  Application listening on port:5003[39m
{Thu Mar 26 2026 08:32:42} [APP рџљЂ] info: [32mрџљЂ Database connected successfully[39m
{Thu Mar 26 2026 08:32:42} [APP рџљЂ] info: [32mрџЌЃ Server connected successfully[39m
{Thu Mar 26 2026 08:32:42} [APP рџљЂ] info: [CleanupJob] Pending order cleanup job scheduled (every hour).
{Thu Mar 26 2026 08:32:42} [APP рџљЂ] info: [33mв™»пёЏ  Application listening on port:5003[39m
{Thu Mar 26 2026 08:32:47} [APP рџљЂ] info: [32mрџљЂ Database connected successfully[39m
{Thu Mar 26 2026 08:32:47} [APP рџљЂ] info: [32mрџЌЃ Server connected successfully[39m
{Thu Mar 26 2026 08:32:47} [APP рџљЂ] info: [CleanupJob] Pending order cleanup job scheduled (every hour).
{Thu Mar 26 2026 08:32:47} [APP рџљЂ] info: [33mв™»пёЏ  Application listening on port:5003[39m
{Thu Mar 26 2026 08:32:52} [APP рџљЂ] info: [32mрџљЂ Database connected successfully[39m
{Thu Mar 26 2026 08:32:52} [APP рџљЂ] info: [32mрџЌЃ Server connected successfully[39m
{Thu Mar 26 2026 08:32:52} [APP рџљЂ] info: [CleanupJob] Pending order cleanup job scheduled (every hour).
{Thu Mar 26 2026 08:32:52} [APP рџљЂ] info: [33mв™»пёЏ  Application listening on port:5003[39m
{Thu Mar 26 2026 08:33:12} [APP рџљЂ] info: [32mрџљЂ Database connected successfully[39m
{Thu Mar 26 2026 08:33:12} [APP рџљЂ] info: [32mрџЌЃ Server connected successfully[39m
{Thu Mar 26 2026 08:33:12} [APP рџљЂ] info: [CleanupJob] Pending order cleanup job scheduled (every hour).
{Thu Mar 26 2026 08:33:12} [APP рџљЂ] info: [33mв™»пёЏ  Application listening on port:5003[39m
{Thu Mar 26 2026 08:33:49} [APP рџљЂ] info: [32mрџљЂ Database connected successfully[39m
{Thu Mar 26 2026 08:33:49} [APP рџљЂ] info: [32mрџЌЃ Server connected successfully[39m
{Thu Mar 26 2026 08:33:49} [APP рџљЂ] info: [CleanupJob] Pending order cleanup job scheduled (every hour).
{Thu Mar 26 2026 08:33:49} [APP рџљЂ] info: [33mв™»пёЏ  Application listening on port:5003[39m
{Thu Mar 26 2026 08:33:52} [APP рџљЂ] info: [32mрџљЂ Database connected successfully[39m
{Thu Mar 26 2026 08:33:52} [APP рџљЂ] info: [32mрџЌЃ Server connected successfully[39m
{Thu Mar 26 2026 08:33:52} [APP рџљЂ] info: [CleanupJob] Pending order cleanup job scheduled (every hour).
{Thu Mar 26 2026 08:33:52} [APP рџљЂ] info: [33mв™»пёЏ  Application listening on port:5003[39m
{Thu Mar 26 2026 08:33:57} [APP рџљЂ] info: [32mрџљЂ Database connected successfully[39m
{Thu Mar 26 2026 08:33:57} [APP рџљЂ] info: [32mрџЌЃ Server connected successfully[39m
{Thu Mar 26 2026 08:33:57} [APP рџљЂ] info: [CleanupJob] Pending order cleanup job scheduled (every hour).
{Thu Mar 26 2026 08:33:57} [APP рџљЂ] info: [33mв™»пёЏ  Application listening on port:5003[39m
{Thu Mar 26 2026 08:33:59} [APP рџљЂ] info: [32mрџљЂ Database connected successfully[39m
{Thu Mar 26 2026 08:34:00} [APP рџљЂ] info: [32mрџЌЃ Server connected successfully[39m
{Thu Mar 26 2026 08:34:00} [APP рџљЂ] info: [CleanupJob] Pending order cleanup job scheduled (every hour).
{Thu Mar 26 2026 08:34:00} [APP рџљЂ] info: [33mв™»пёЏ  Application listening on port:5003[39m
{Thu Mar 26 2026 08:34:01} [APP рџљЂ] info: [32mрџљЂ Database connected successfully[39m
{Thu Mar 26 2026 08:34:01} [APP рџљЂ] info: [32mрџЌЃ Server connected successfully[39m
{Thu Mar 26 2026 08:34:01} [APP рџљЂ] info: [CleanupJob] Pending order cleanup job scheduled (every hour).
{Thu Mar 26 2026 08:34:01} [APP рџљЂ] info: [33mв™»пёЏ  Application listening on port:5003[39m
{Thu Mar 26 2026 08:34:03} [APP рџљЂ] info: [32mрџљЂ Database connected successfully[39m
{Thu Mar 26 2026 08:34:03} [APP рџљЂ] info: [32mрџЌЃ Server connected successfully[39m
{Thu Mar 26 2026 08:34:03} [APP рџљЂ] info: [CleanupJob] Pending order cleanup job scheduled (every hour).
{Thu Mar 26 2026 08:34:03} [APP рџљЂ] info: [33mв™»пёЏ  Application listening on port:5003[39m
{Thu Mar 26 2026 08:34:06} [APP рџљЂ] info: [32mрџљЂ Database connected successfully[39m
{Thu Mar 26 2026 08:34:06} [APP рџљЂ] info: [32mрџЌЃ Server connected successfully[39m
{Thu Mar 26 2026 08:34:06} [APP рџљЂ] info: [CleanupJob] Pending order cleanup job scheduled (every hour).
{Thu Mar 26 2026 08:34:06} [APP рџљЂ] info: [33mв™»пёЏ  Application listening on port:5003[39m
{Thu Mar 26 2026 08:34:07} [APP рџљЂ] info: [32mрџљЂ Database connected successfully[39m
{Thu Mar 26 2026 08:34:08} [APP рџљЂ] info: [32mрџЌЃ Server connected successfully[39m
{Thu Mar 26 2026 08:34:08} [APP рџљЂ] info: [CleanupJob] Pending order cleanup job scheduled (every hour).
{Thu Mar 26 2026 08:34:08} [APP рџљЂ] info: [33mв™»пёЏ  Application listening on port:5003[39m
{Thu Mar 26 2026 08:34:59} [APP рџљЂ] info: [32mрџљЂ Database connected successfully[39m
{Thu Mar 26 2026 08:34:59} [APP рџљЂ] info: [32mрџЌЃ Server connected successfully[39m
{Thu Mar 26 2026 08:34:59} [APP рџљЂ] info: [CleanupJob] Pending order cleanup job scheduled (every hour).
{Thu Mar 26 2026 08:34:59} [APP рџљЂ] info: [33mв™»пёЏ  Application listening on port:5003[39m
{Thu Mar 26 2026 08:35:25} [APP рџљЂ] info: [32mрџљЂ Database connected successfully[39m
{Thu Mar 26 2026 08:35:25} [APP рџљЂ] info: [32mрџЌЃ Server connected successfully[39m
{Thu Mar 26 2026 08:35:25} [APP рџљЂ] info: [CleanupJob] Pending order cleanup job scheduled (every hour).
{Thu Mar 26 2026 08:35:25} [APP рџљЂ] info: [33mв™»пёЏ  Application listening on port:5003[39m
{Thu Mar 26 2026 08:35:29} [APP рџљЂ] info: [32mрџљЂ Database connected successfully[39m
{Thu Mar 26 2026 08:35:29} [APP рџљЂ] info: [32mрџЌЃ Server connected successfully[39m
{Thu Mar 26 2026 08:35:29} [APP рџљЂ] info: [CleanupJob] Pending order cleanup job scheduled (every hour).
{Thu Mar 26 2026 08:35:29} [APP рџљЂ] info: [33mв™»пёЏ  Application listening on port:5003[39m
{Thu Mar 26 2026 08:35:32} [APP рџљЂ] info: [32mрџљЂ Database connected successfully[39m
{Thu Mar 26 2026 08:35:32} [APP рџљЂ] info: [32mрџЌЃ Server connected successfully[39m
{Thu Mar 26 2026 08:35:32} [APP рџљЂ] info: [CleanupJob] Pending order cleanup job scheduled (every hour).
{Thu Mar 26 2026 08:35:32} [APP рџљЂ] info: [33mв™»пёЏ  Application listening on port:5003[39m
{Thu Mar 26 2026 08:35:36} [APP рџљЂ] info: [32mрџљЂ Database connected successfully[39m
{Thu Mar 26 2026 08:35:36} [APP рџљЂ] info: [32mрџЌЃ Server connected successfully[39m
{Thu Mar 26 2026 08:35:36} [APP рџљЂ] info: [CleanupJob] Pending order cleanup job scheduled (every hour).
{Thu Mar 26 2026 08:35:36} [APP рџљЂ] info: [33mв™»пёЏ  Application listening on port:5003[39m
{Thu Mar 26 2026 08:35:38} [APP рџљЂ] info: [32mрџљЂ Database connected successfully[39m
{Thu Mar 26 2026 08:35:38} [APP рџљЂ] info: [32mрџЌЃ Server connected successfully[39m
{Thu Mar 26 2026 08:35:38} [APP рџљЂ] info: [CleanupJob] Pending order cleanup job scheduled (every hour).
{Thu Mar 26 2026 08:35:38} [APP рџљЂ] info: [33mв™»пёЏ  Application listening on port:5003[39m
{Thu Mar 26 2026 08:35:45} [APP рџљЂ] info: [32mрџљЂ Database connected successfully[39m
{Thu Mar 26 2026 08:35:45} [APP рџљЂ] info: [32mрџЌЃ Server connected successfully[39m
{Thu Mar 26 2026 08:35:45} [APP рџљЂ] info: [CleanupJob] Pending order cleanup job scheduled (every hour).
{Thu Mar 26 2026 08:35:45} [APP рџљЂ] info: [33mв™»пёЏ  Application listening on port:5003[39m
{Thu Mar 26 2026 08:36:52} [APP рџљЂ] info: [32mрџљЂ Database connected successfully[39m
{Thu Mar 26 2026 08:36:52} [APP рџљЂ] info: [32mрџЌЃ Server connected successfully[39m
{Thu Mar 26 2026 08:36:52} [APP рџљЂ] info: [CleanupJob] Pending order cleanup job scheduled (every hour).
{Thu Mar 26 2026 08:36:52} [APP рџљЂ] info: [33mв™»пёЏ  Application listening on port:5003[39m
{Thu Mar 26 2026 08:36:53} [APP рџљЂ] info: [32mрџљЂ Database connected successfully[39m
{Thu Mar 26 2026 08:36:53} [APP рџљЂ] info: [32mрџЌЃ Server connected successfully[39m
{Thu Mar 26 2026 08:36:53} [APP рџљЂ] info: [CleanupJob] Pending order cleanup job scheduled (every hour).
{Thu Mar 26 2026 08:36:53} [APP рџљЂ] info: [33mв™»пёЏ  Application listening on port:5003[39m
{Thu Mar 26 2026 08:39:12} [APP рџљЂ] info: [32mрџљЂ Database connected successfully[39m
{Thu Mar 26 2026 08:39:12} [APP рџљЂ] info: [32mрџЌЃ Server connected successfully[39m
{Thu Mar 26 2026 08:39:12} [APP рџљЂ] info: [CleanupJob] Pending order cleanup job scheduled (every hour).
{Thu Mar 26 2026 08:39:12} [APP рџљЂ] info: [33mв™»пёЏ  Application listening on port:5003[39m
{Thu Mar 26 2026 08:39:26} [APP рџљЂ] info: [32mрџљЂ Database connected successfully[39m
{Thu Mar 26 2026 08:39:26} [APP рџљЂ] info: [32mрџЌЃ Server connected successfully[39m
{Thu Mar 26 2026 08:39:26} [APP рџљЂ] info: [CleanupJob] Pending order cleanup job scheduled (every hour).
{Thu Mar 26 2026 08:39:26} [APP рџљЂ] info: [33mв™»пёЏ  Application listening on port:5003[39m
{Thu Mar 26 2026 08:39:59} [APP рџљЂ] info: [32mрџљЂ Database connected successfully[39m
{Thu Mar 26 2026 08:39:59} [APP рџљЂ] info: [32mрџЌЃ Server connected successfully[39m
{Thu Mar 26 2026 08:39:59} [APP рџљЂ] info: [CleanupJob] Pending order cleanup job scheduled (every hour).
{Thu Mar 26 2026 08:39:59} [APP рџљЂ] info: [33mв™»пёЏ  Application listening on port:5003[39m
{Thu Mar 26 2026 08:40:30} [APP рџљЂ] info: [32mрџљЂ Database connected successfully[39m
{Thu Mar 26 2026 08:40:30} [APP рџљЂ] info: [32mрџЌЃ Server connected successfully[39m
{Thu Mar 26 2026 08:40:30} [APP рџљЂ] info: [CleanupJob] Pending order cleanup job scheduled (every hour).
{Thu Mar 26 2026 08:40:30} [APP рџљЂ] info: [33mв™»пёЏ  Application listening on port:5003[39m
{Thu Mar 26 2026 08:40:52} [APP рџљЂ] info: ::ffff:10.10.7.50 - POST /api/v1/chat 200 - 36.809 ms
{Thu Mar 26 2026 08:42:54} [APP рџљЂ] info: [32mрџљЂ Database connected successfully[39m
{Thu Mar 26 2026 08:42:54} [APP рџљЂ] info: [32mрџЌЃ Server connected successfully[39m
{Thu Mar 26 2026 08:42:54} [APP рџљЂ] info: [CleanupJob] Pending order cleanup job scheduled (every hour).
{Thu Mar 26 2026 08:42:54} [APP рџљЂ] info: [33mв™»пёЏ  Application listening on port:5003[39m
{Thu Mar 26 2026 08:43:23} [APP рџљЂ] info: [32mрџљЂ Database connected successfully[39m
{Thu Mar 26 2026 08:43:23} [APP рџљЂ] info: [32mрџЌЃ Server connected successfully[39m
{Thu Mar 26 2026 08:43:23} [APP рџљЂ] info: [CleanupJob] Pending order cleanup job scheduled (every hour).
{Thu Mar 26 2026 08:43:23} [APP рџљЂ] info: [33mв™»пёЏ  Application listening on port:5003[39m
{Thu Mar 26 2026 08:44:06} [APP рџљЂ] info: [32mрџљЂ Database connected successfully[39m
{Thu Mar 26 2026 08:44:06} [APP рџљЂ] info: [32mрџЌЃ Server connected successfully[39m
{Thu Mar 26 2026 08:44:06} [APP рџљЂ] info: [CleanupJob] Pending order cleanup job scheduled (every hour).
{Thu Mar 26 2026 08:44:06} [APP рџљЂ] info: [33mв™»пёЏ  Application listening on port:5003[39m
{Thu Mar 26 2026 08:44:19} [APP рџљЂ] info: [32mрџљЂ Database connected successfully[39m
{Thu Mar 26 2026 08:44:19} [APP рџљЂ] info: [32mрџЌЃ Server connected successfully[39m
{Thu Mar 26 2026 08:44:19} [APP рџљЂ] info: [CleanupJob] Pending order cleanup job scheduled (every hour).
{Thu Mar 26 2026 08:44:19} [APP рџљЂ] info: [33mв™»пёЏ  Application listening on port:5003[39m
{Thu Mar 26 2026 08:44:29} [APP рџљЂ] info: [32mрџљЂ Database connected successfully[39m
{Thu Mar 26 2026 08:44:29} [APP рџљЂ] info: [32mрџЌЃ Server connected successfully[39m
{Thu Mar 26 2026 08:44:29} [APP рџљЂ] info: [CleanupJob] Pending order cleanup job scheduled (every hour).
{Thu Mar 26 2026 08:44:29} [APP рџљЂ] info: [33mв™»пёЏ  Application listening on port:5003[39m
{Thu Mar 26 2026 08:50:21} [APP рџљЂ] info: [32mрџљЂ Database connected successfully[39m
{Thu Mar 26 2026 08:50:21} [APP рџљЂ] info: [32mрџЌЃ Server connected successfully[39m
{Thu Mar 26 2026 08:50:21} [APP рџљЂ] info: [CleanupJob] Pending order cleanup job scheduled (every hour).
{Thu Mar 26 2026 08:50:21} [APP рџљЂ] info: [33mв™»пёЏ  Application listening on port:5003[39m
{Thu Mar 26 2026 08:51:32} [APP рџљЂ] info: ::ffff:10.10.7.50 - GET /api/v1/user 200 - 50.314 ms
{Thu Mar 26 2026 08:53:06} [APP рџљЂ] info: ::ffff:10.10.7.50 - POST /api/v1/auth/signup 200 - 243.014 ms
{Thu Mar 26 2026 08:53:12} [APP рџљЂ] info: Mail send successfully
{Thu Mar 26 2026 08:53:42} [APP рџљЂ] info: ::ffff:10.10.7.50 - POST /api/v1/auth/verify-account 200 - 23.905 ms
{Thu Mar 26 2026 08:53:59} [APP рџљЂ] info: ::ffff:10.10.7.50 - GET /api/v1/user 200 - 5.526 ms
{Thu Mar 26 2026 08:55:17} [APP рџљЂ] info: ::ffff:10.10.7.50 - POST /api/v1/chat 200 - 7.104 ms
{Thu Mar 26 2026 08:55:28} [APP рџљЂ] info: ::ffff:10.10.7.50 - GET /api/v1/chat 200 - 20.887 ms
