{Wed Mar 25 2026 09:01:27} [APP 🚀] info: [32m🚀 Database connected successfully[39m
{Wed Mar 25 2026 09:01:27} [APP 🚀] info: [32m🍁 Server connected successfully[39m
{Wed Mar 25 2026 09:01:27} [APP 🚀] info: [33m♻️  Application listening on port:5003[39m
{Wed Mar 25 2026 09:01:30} [APP 🚀] info: [32m🚀 Database connected successfully[39m
{Wed Mar 25 2026 09:01:30} [APP 🚀] info: [32m🍁 Server connected successfully[39m
{Wed Mar 25 2026 09:01:30} [APP 🚀] info: [33m♻️  Application listening on port:5003[39m
{Wed Mar 25 2026 09:03:57} [APP 🚀] info: [32m🚀 Database connected successfully[39m
{Wed Mar 25 2026 09:03:57} [APP 🚀] info: [32m🍁 Server connected successfully[39m
{Wed Mar 25 2026 09:03:57} [APP 🚀] info: [33m♻️  Application listening on port:5003[39m
{Wed Mar 25 2026 09:04:27} [APP 🚀] info: ::ffff:10.10.7.50 - GET /api/v1/order 200 - 21.401 ms
{Wed Mar 25 2026 09:08:05} [APP 🚀] info: ::ffff:10.10.7.50 - GET /api/v1/order/my-orders 200 - 21.971 ms
{Wed Mar 25 2026 09:09:15} [APP 🚀] info: [32m🚀 Database connected successfully[39m
{Wed Mar 25 2026 09:09:15} [APP 🚀] info: [32m🍁 Server connected successfully[39m
{Wed Mar 25 2026 09:09:15} [APP 🚀] info: [33m♻️  Application listening on port:5003[39m
{Wed Mar 25 2026 09:10:05} [APP 🚀] info: ::ffff:10.10.7.50 - GET /api/v1/order/my-orders 200 - 10.160 ms
{Wed Mar 25 2026 09:10:31} [APP 🚀] info: [32m🚀 Database connected successfully[39m
{Wed Mar 25 2026 09:10:31} [APP 🚀] info: [32m🍁 Server connected successfully[39m
{Wed Mar 25 2026 09:10:31} [APP 🚀] info: [33m♻️  Application listening on port:5003[39m
{Wed Mar 25 2026 09:10:54} [APP 🚀] info: ::ffff:10.10.7.50 - GET /api/v1/order/my-orders 200 - 114.706 ms
{Wed Mar 25 2026 09:14:29} [APP 🚀] info: [32m🚀 Database connected successfully[39m
{Wed Mar 25 2026 09:14:29} [APP 🚀] info: [32m🍁 Server connected successfully[39m
{Wed Mar 25 2026 09:14:29} [APP 🚀] info: [33m♻️  Application listening on port:5003[39m
{Wed Mar 25 2026 09:14:55} [APP 🚀] info: ::ffff:10.10.7.50 - GET /api/v1/payment 200 - 8.412 ms
{Wed Mar 25 2026 09:19:21} [APP 🚀] info: ::ffff:10.10.7.50 - GET /api/v1/payment/my-payments 200 - 3.966 ms
{Wed Mar 25 2026 09:19:41} [APP 🚀] info: ::ffff:10.10.7.50 - GET /api/v1/payment/my-payments 200 - 3.463 ms
{Wed Mar 25 2026 09:19:49} [APP 🚀] info: ::ffff:10.10.7.50 - GET /api/v1/payment 200 - 4.257 ms
{Wed Mar 25 2026 09:20:39} [APP 🚀] info: [32m🚀 Database connected successfully[39m
{Wed Mar 25 2026 09:20:39} [APP 🚀] info: [32m🍁 Server connected successfully[39m
{Wed Mar 25 2026 09:20:39} [APP 🚀] info: [33m♻️  Application listening on port:5003[39m
{Wed Mar 25 2026 09:20:48} [APP 🚀] info: [32m🚀 Database connected successfully[39m
{Wed Mar 25 2026 09:20:48} [APP 🚀] info: [32m🍁 Server connected successfully[39m
{Wed Mar 25 2026 09:20:48} [APP 🚀] info: [33m♻️  Application listening on port:5003[39m
{Wed Mar 25 2026 09:44:53} [APP 🚀] info: [32m🚀 Database connected successfully[39m
{Wed Mar 25 2026 09:44:54} [APP 🚀] info: [32m🍁 Server connected successfully[39m
{Wed Mar 25 2026 09:44:54} [APP 🚀] info: [33m♻️  Application listening on port:5003[39m
{Wed Mar 25 2026 09:44:55} [APP 🚀] info: [32m🚀 Database connected successfully[39m
{Wed Mar 25 2026 09:44:55} [APP 🚀] info: [32m🍁 Server connected successfully[39m
{Wed Mar 25 2026 09:44:55} [APP 🚀] info: [33m♻️  Application listening on port:5003[39m
{Wed Mar 25 2026 09:45:06} [APP 🚀] info: [32m🚀 Database connected successfully[39m
{Wed Mar 25 2026 09:45:06} [APP 🚀] info: [32m🍁 Server connected successfully[39m
{Wed Mar 25 2026 09:45:06} [APP 🚀] info: [33m♻️  Application listening on port:5003[39m
{Wed Mar 25 2026 09:45:20} [APP 🚀] info: [32m🚀 Database connected successfully[39m
{Wed Mar 25 2026 09:45:20} [APP 🚀] info: [32m🍁 Server connected successfully[39m
{Wed Mar 25 2026 09:45:20} [APP 🚀] info: [33m♻️  Application listening on port:5003[39m
{Wed Mar 25 2026 09:46:32} [APP 🚀] info: [32m🚀 Database connected successfully[39m
{Wed Mar 25 2026 09:46:32} [APP 🚀] info: [32m🍁 Server connected successfully[39m
{Wed Mar 25 2026 09:46:32} [APP 🚀] info: [33m♻️  Application listening on port:5003[39m
{Wed Mar 25 2026 09:46:38} [APP 🚀] info: [32m🚀 Database connected successfully[39m
{Wed Mar 25 2026 09:46:38} [APP 🚀] info: [32m🍁 Server connected successfully[39m
{Wed Mar 25 2026 09:46:38} [APP 🚀] info: [33m♻️  Application listening on port:5003[39m
{Wed Mar 25 2026 09:47:02} [APP 🚀] info: [32m🚀 Database connected successfully[39m
{Wed Mar 25 2026 09:47:02} [APP 🚀] info: [32m🍁 Server connected successfully[39m
{Wed Mar 25 2026 09:47:02} [APP 🚀] info: [33m♻️  Application listening on port:5003[39m
{Wed Mar 25 2026 09:48:47} [APP 🚀] info: [32m🚀 Database connected successfully[39m
{Wed Mar 25 2026 09:48:47} [APP 🚀] info: [32m🍁 Server connected successfully[39m
{Wed Mar 25 2026 09:48:47} [APP 🚀] info: [33m♻️  Application listening on port:5003[39m
{Wed Mar 25 2026 09:48:48} [APP 🚀] info: [32m🚀 Database connected successfully[39m
{Wed Mar 25 2026 09:48:48} [APP 🚀] info: [32m🍁 Server connected successfully[39m
{Wed Mar 25 2026 09:48:48} [APP 🚀] info: [33m♻️  Application listening on port:5003[39m
{Wed Mar 25 2026 09:49:33} [APP 🚀] info: [32m🚀 Database connected successfully[39m
{Wed Mar 25 2026 09:49:33} [APP 🚀] info: [32m🍁 Server connected successfully[39m
{Wed Mar 25 2026 09:49:33} [APP 🚀] info: [33m♻️  Application listening on port:5003[39m
{Wed Mar 25 2026 09:49:35} [APP 🚀] info: [32m🚀 Database connected successfully[39m
{Wed Mar 25 2026 09:49:35} [APP 🚀] info: [32m🍁 Server connected successfully[39m
{Wed Mar 25 2026 09:49:35} [APP 🚀] info: [33m♻️  Application listening on port:5003[39m
{Wed Mar 25 2026 09:49:49} [APP 🚀] info: [32m🚀 Database connected successfully[39m
{Wed Mar 25 2026 09:49:49} [APP 🚀] info: [32m🍁 Server connected successfully[39m
{Wed Mar 25 2026 09:49:49} [APP 🚀] info: [33m♻️  Application listening on port:5003[39m
{Wed Mar 25 2026 09:50:20} [APP 🚀] info: [32m🚀 Database connected successfully[39m
{Wed Mar 25 2026 09:50:20} [APP 🚀] info: [32m🍁 Server connected successfully[39m
{Wed Mar 25 2026 09:50:20} [APP 🚀] info: [33m♻️  Application listening on port:5003[39m
