{Wed Mar 25 2026 14:03:57} [APP 🚀] info: ::ffff:10.10.7.50 - POST /api/v1/order 201 - 929.298 ms
{Wed Mar 25 2026 14:04:28} [APP 🚀] info: ⚠️ Unhandled event type: charge.succeeded
{Wed Mar 25 2026 14:04:28} [APP 🚀] info: ::ffff:10.10.7.50 - POST /api/v1/webhook 200 - 5.346 ms
{Wed Mar 25 2026 14:04:28} [APP 🚀] info: ⚠️ Unhandled event type: payment_intent.created
{Wed Mar 25 2026 14:04:28} [APP 🚀] info: ::ffff:10.10.7.50 - POST /api/v1/webhook 200 - 1.656 ms
{Wed Mar 25 2026 14:04:28} [APP 🚀] info: ⚠️ Unhandled event type: payment_intent.succeeded
{Wed Mar 25 2026 14:04:28} [APP 🚀] info: ::ffff:10.10.7.50 - POST /api/v1/webhook 200 - 1.130 ms
{Wed Mar 25 2026 14:04:28} [APP 🚀] error: Webhook error: Payment validation failed: chargeId: Cast to string failed for value "{
  id: 'ch_3TEmQS93XxwmTnv21MQcd25j',
  object: 'charge',
  amount: 15000,
  amount_captured: 15000,
  amount_refunded: 0,
  application: null,
  application_fee: null,
  application_fee_amount: null,
  balance_transaction: null,
  billing_details: {
    address: {
      city: null,
      country: 'BD',
      line1: null,
      line2: null,
      postal_code: null,
      state: null
    },
    email: 'dalog15782@qvmao.com',
    name: ';l;l',
    phone: null,
    tax_id: null
  },
  calculated_statement_descriptor: 'Stripe',
  captured: true,
  created: 1774425869,
  currency: 'gbp',
  customer: null,
  description: null,
  destination: null,
  dispute: null,
  disputed: false,
  failure_balance_transaction: null,
  failure_code: null,
  failure_message: null,
  fraud_details: {},
  invoice: null,
  livemode: false,
  metadata: {},
  on_behalf_of: null,
  order: null,
  outcome: {
    advice_code: null,
    network_advice_code: null,
    network_decline_code: null,
    network_status: 'approved_by_network',
    reason: null,
    risk_level: 'normal',
    risk_score: 33,
    seller_message: 'Payment complete.',
    type: 'authorized'
  },
  paid: true,
  payment_intent: 'pi_3TEmQS93XxwmTnv211KSkf6N',
  payment_method: 'pm_1TEmQS93XxwmTnv28iWMeH4k',
  payment_method_details: {
    card: {
      amount_authorized: 15000,
      authorization_code: '136885',
      brand: 'visa',
      checks: [Object],
      country: 'US',
      exp_month: 4,
      exp_year: 2054,
      extended_authorization: [Object],
      fingerprint: 'bfqQp0sl3T7ujbVM',
      funding: 'credit',
      incremental_authorization: [Object],
      installments: null,
      last4: '0077',
      mandate: null,
      multicapture: [Object],
      network: 'visa',
      network_token: [Object],
      network_transaction_id: '981021138111248',
      overcapture: [Object],
      regulated_status: 'unregulated',
      three_d_secure: null,
      wallet: null
    },
    type: 'card'
  },
  radar_options: {},
  receipt_email: null,
  receipt_number: null,
  receipt_url: 'https://pay.stripe.com/receipts/payment/CAcaFwoVYWNjdF8xUmN1QUU5M1h4d21UbnYyKI-ujs4GMgbCDb3J_FY6LBYls160Mdn5DgIWlSTELlI_vTlAmZV3h7te0qDNF52p1Y9V0KtauhsfVz92',
  refunded: false,
  review: null,
  shipping: null,
  source: null,
  source_transfer: null,
  statement_descriptor: null,
  statement_descriptor_suffix: null,
  status: 'succeeded',
  transfer_data: null,
  transfer_group: null
}" (type Object) at path "chargeId"
{Wed Mar 25 2026 14:04:30} [APP 🚀] info: ⚠️ Unhandled event type: charge.updated
{Wed Mar 25 2026 14:04:30} [APP 🚀] info: ::ffff:10.10.7.50 - POST /api/v1/webhook 200 - 1.309 ms
{Wed Mar 25 2026 14:04:43} [APP 🚀] error: Webhook error: Payment validation failed: chargeId: Cast to string failed for value "{
  id: 'ch_3TEmQS93XxwmTnv21MQcd25j',
  object: 'charge',
  amount: 15000,
  amount_captured: 15000,
  amount_refunded: 0,
  application: null,
  application_fee: null,
  application_fee_amount: null,
  balance_transaction: 'txn_3TEmQS93XxwmTnv21xdV1Axz',
  billing_details: {
    address: {
      city: null,
      country: 'BD',
      line1: null,
      line2: null,
      postal_code: null,
      state: null
    },
    email: 'dalog15782@qvmao.com',
    name: ';l;l',
    phone: null,
    tax_id: null
  },
  calculated_statement_descriptor: 'Stripe',
  captured: true,
  created: 1774425869,
  currency: 'gbp',
  customer: null,
  description: null,
  destination: null,
  dispute: null,
  disputed: false,
  failure_balance_transaction: null,
  failure_code: null,
  failure_message: null,
  fraud_details: {},
  invoice: null,
  livemode: false,
  metadata: {},
  on_behalf_of: null,
  order: null,
  outcome: {
    advice_code: null,
    network_advice_code: null,
    network_decline_code: null,
    network_status: 'approved_by_network',
    reason: null,
    risk_level: 'normal',
    risk_score: 33,
    seller_message: 'Payment complete.',
    type: 'authorized'
  },
  paid: true,
  payment_intent: 'pi_3TEmQS93XxwmTnv211KSkf6N',
  payment_method: 'pm_1TEmQS93XxwmTnv28iWMeH4k',
  payment_method_details: {
    card: {
      amount_authorized: 15000,
      authorization_code: '136885',
      brand: 'visa',
      checks: [Object],
      country: 'US',
      exp_month: 4,
      exp_year: 2054,
      extended_authorization: [Object],
      fingerprint: 'bfqQp0sl3T7ujbVM',
      funding: 'credit',
      incremental_authorization: [Object],
      installments: null,
      last4: '0077',
      mandate: null,
      multicapture: [Object],
      network: 'visa',
      network_token: [Object],
      network_transaction_id: '981021138111248',
      overcapture: [Object],
      regulated_status: 'unregulated',
      three_d_secure: null,
      wallet: null
    },
    type: 'card'
  },
  radar_options: {},
  receipt_email: null,
  receipt_number: null,
  receipt_url: 'https://pay.stripe.com/receipts/payment/CAcaFwoVYWNjdF8xUmN1QUU5M1h4d21UbnYyKJ6ujs4GMgYNYwdcZq86LBavm25_WLDVTUz3AwStZ31Iy_GS9g99xRPz_hZ_Mr7mAc87iUUNr7WMSIuj',
  refunded: false,
  review: null,
  shipping: null,
  source: null,
  source_transfer: null,
  statement_descriptor: null,
  statement_descriptor_suffix: null,
  status: 'succeeded',
  transfer_data: null,
  transfer_group: null
}" (type Object) at path "chargeId"
{Wed Mar 25 2026 14:05:30} [APP 🚀] info: ⚠️ Unhandled event type: balance.available
{Wed Mar 25 2026 14:05:30} [APP 🚀] info: ::ffff:10.10.7.50 - POST /api/v1/webhook 200 - 1.214 ms
{Wed Mar 25 2026 14:05:54} [APP 🚀] info: ::ffff:10.10.7.50 - GET /api/v1/order/my-orders 200 - 28.516 ms
{Wed Mar 25 2026 14:07:08} [APP 🚀] info: [32m🚀 Database connected successfully[39m
{Wed Mar 25 2026 14:07:08} [APP 🚀] info: [32m🍁 Server connected successfully[39m
{Wed Mar 25 2026 14:07:08} [APP 🚀] info: [33m♻️  Application listening on port:5003[39m
{Wed Mar 25 2026 14:08:07} [APP 🚀] info: ::ffff:10.10.7.50 - POST /api/v1/payment/checkout-session/69c396ec9cff7b240b0ebad4 200 - 1790.293 ms
{Wed Mar 25 2026 14:08:34} [APP 🚀] info: ⚠️ Unhandled event type: charge.succeeded
{Wed Mar 25 2026 14:08:34} [APP 🚀] info: ::ffff:10.10.7.50 - POST /api/v1/webhook 200 - 14.124 ms
{Wed Mar 25 2026 14:08:34} [APP 🚀] info: ⚠️ Unhandled event type: payment_intent.created
{Wed Mar 25 2026 14:08:34} [APP 🚀] info: ::ffff:10.10.7.50 - POST /api/v1/webhook 200 - 1.858 ms
{Wed Mar 25 2026 14:08:34} [APP 🚀] info: ⚠️ Unhandled event type: payment_intent.succeeded
{Wed Mar 25 2026 14:08:34} [APP 🚀] info: ::ffff:10.10.7.50 - POST /api/v1/webhook 200 - 1.293 ms
{Wed Mar 25 2026 14:08:34} [APP 🚀] info: ✅ Payment processed for Order: 69c396ec9cff7b240b0ebad4
{Wed Mar 25 2026 14:08:34} [APP 🚀] info: ::ffff:10.10.7.50 - POST /api/v1/webhook 200 - 442.108 ms
{Wed Mar 25 2026 14:08:36} [APP 🚀] info: ⚠️ Unhandled event type: charge.updated
{Wed Mar 25 2026 14:08:36} [APP 🚀] info: ::ffff:10.10.7.50 - POST /api/v1/webhook 200 - 1.949 ms
{Wed Mar 25 2026 14:09:02} [APP 🚀] info: ::ffff:10.10.7.50 - GET /api/v1/order/my-orders 200 - 6.822 ms
{Wed Mar 25 2026 14:09:04} [APP 🚀] info: ::ffff:10.10.7.50 - GET /api/v1/order/my-orders 200 - 3.000 ms
{Wed Mar 25 2026 14:09:25} [APP 🚀] info: ::ffff:10.10.7.50 - GET /api/v1/payment/my-payments 200 - 9.567 ms
{Wed Mar 25 2026 14:09:37} [APP 🚀] info: ⚠️ Unhandled event type: balance.available
{Wed Mar 25 2026 14:09:37} [APP 🚀] info: ::ffff:10.10.7.50 - POST /api/v1/webhook 200 - 1.150 ms
{Wed Mar 25 2026 14:09:53} [APP 🚀] info: ::ffff:10.10.7.50 - PATCH /api/v1/order/69c396ec9cff7b240b0ebad4 200 - 7.560 ms
{Wed Mar 25 2026 14:10:03} [APP 🚀] info: ::ffff:10.10.7.50 - PATCH /api/v1/order/69c396ec9cff7b240b0ebad4 200 - 6.345 ms
{Wed Mar 25 2026 14:10:22} [APP 🚀] info: Order 69c396ec9cff7b240b0ebad4 marked as delivered. Triggering payout...
{Wed Mar 25 2026 14:10:22} [APP 🚀] info: [Payout] Starting process for Order: 69c396ec9cff7b240b0ebad4
{Wed Mar 25 2026 14:10:22} [APP 🚀] info: [Payout] Payment record found. Status: customer_paid, Payout Amount: 135
{Wed Mar 25 2026 14:10:22} [APP 🚀] info: [Payout] Processing transfer to Stripe Account: acct_1TEila9Hssv5dU3q
{Wed Mar 25 2026 14:10:22} [APP 🚀] info: [Payout] Using source_transaction: ch_3TEmUQ93XxwmTnv20j6QbMVk
{Wed Mar 25 2026 14:10:23} [APP 🚀] error: [Payout] ❌ FATAL ERROR for Order 69c396ec9cff7b240b0ebad4: The currency of source_transaction's balance transaction (usd) must be the same as the transfer currency (gbp)
{Wed Mar 25 2026 14:10:23} [APP 🚀] info: ::ffff:10.10.7.50 - PATCH /api/v1/order/69c396ec9cff7b240b0ebad4 200 - 1687.718 ms
{Wed Mar 25 2026 14:12:06} [APP 🚀] info: [32m🚀 Database connected successfully[39m
{Wed Mar 25 2026 14:12:06} [APP 🚀] info: [32m🍁 Server connected successfully[39m
{Wed Mar 25 2026 14:12:06} [APP 🚀] info: [33m♻️  Application listening on port:5003[39m
{Wed Mar 25 2026 14:12:08} [APP 🚀] info: [32m🚀 Database connected successfully[39m
{Wed Mar 25 2026 14:12:08} [APP 🚀] info: [32m🍁 Server connected successfully[39m
{Wed Mar 25 2026 14:12:08} [APP 🚀] info: [33m♻️  Application listening on port:5003[39m
{Wed Mar 25 2026 14:13:08} [APP 🚀] info: ::ffff:10.10.7.50 - POST /api/v1/order 201 - 880.419 ms
{Wed Mar 25 2026 14:14:43} [APP 🚀] info: ⚠️ Unhandled event type: charge.succeeded
{Wed Mar 25 2026 14:14:43} [APP 🚀] info: ::ffff:10.10.7.50 - POST /api/v1/webhook 200 - 2.645 ms
{Wed Mar 25 2026 14:14:43} [APP 🚀] info: ⚠️ Unhandled event type: payment_intent.succeeded
{Wed Mar 25 2026 14:14:43} [APP 🚀] info: ::ffff:10.10.7.50 - POST /api/v1/webhook 200 - 0.972 ms
{Wed Mar 25 2026 14:14:43} [APP 🚀] info: ⚠️ Unhandled event type: payment_intent.created
{Wed Mar 25 2026 14:14:43} [APP 🚀] info: ::ffff:10.10.7.50 - POST /api/v1/webhook 200 - 1.078 ms
{Wed Mar 25 2026 14:14:45} [APP 🚀] info: ✅ Payment processed for Order: 69c39913093e8495154d79c6
{Wed Mar 25 2026 14:14:45} [APP 🚀] info: ::ffff:10.10.7.50 - POST /api/v1/webhook 200 - 1746.712 ms
{Wed Mar 25 2026 14:14:45} [APP 🚀] info: ⚠️ Unhandled event type: charge.updated
{Wed Mar 25 2026 14:14:45} [APP 🚀] info: ::ffff:10.10.7.50 - POST /api/v1/webhook 200 - 1.656 ms
{Wed Mar 25 2026 14:15:42} [APP 🚀] info: ::ffff:10.10.7.50 - PATCH /api/v1/order/69c39913093e8495154d79c6 200 - 7.636 ms
{Wed Mar 25 2026 14:15:46} [APP 🚀] info: ⚠️ Unhandled event type: balance.available
{Wed Mar 25 2026 14:15:46} [APP 🚀] info: ::ffff:10.10.7.50 - POST /api/v1/webhook 200 - 1.170 ms
{Wed Mar 25 2026 14:15:51} [APP 🚀] info: ::ffff:10.10.7.50 - PATCH /api/v1/order/69c39913093e8495154d79c6 200 - 5.220 ms
{Wed Mar 25 2026 14:16:04} [APP 🚀] info: Order 69c39913093e8495154d79c6 marked as delivered. Triggering payout...
{Wed Mar 25 2026 14:16:05} [APP 🚀] info: [Payout] Starting process for Order: 69c39913093e8495154d79c6
{Wed Mar 25 2026 14:16:05} [APP 🚀] info: [Payout] Payment record found. Status: customer_paid, Payout Amount: 135
{Wed Mar 25 2026 14:16:05} [APP 🚀] info: [Payout] Processing transfer to Stripe Account: acct_1TEila9Hssv5dU3q
{Wed Mar 25 2026 14:16:05} [APP 🚀] info: [Payout] Using source_transaction: ch_3TEmaO93XxwmTnv21oCs5tB3
{Wed Mar 25 2026 14:16:07} [APP 🚀] info: [Payout] ✅ SUCCESS: Payout of 135 processed for Vendor: acct_1TEila9Hssv5dU3q (Order: 69c39913093e8495154d79c6, Transfer: tr_3TEmaO93XxwmTnv21i2eO6fY)
{Wed Mar 25 2026 14:16:07} [APP 🚀] info: ::ffff:10.10.7.50 - PATCH /api/v1/order/69c39913093e8495154d79c6 200 - 2491.814 ms
{Wed Mar 25 2026 14:16:08} [APP 🚀] info: ⚠️ Unhandled event type: transfer.created
{Wed Mar 25 2026 14:16:08} [APP 🚀] info: ::ffff:10.10.7.50 - POST /api/v1/webhook 200 - 1.526 ms
{Wed Mar 25 2026 14:16:31} [APP 🚀] info: ⚠️ Unhandled event type: balance.available
{Wed Mar 25 2026 14:16:31} [APP 🚀] info: ::ffff:10.10.7.50 - POST /api/v1/webhook 200 - 0.993 ms
{Wed Mar 25 2026 14:20:03} [APP 🚀] info: ::ffff:10.10.7.50 - GET /api/v1/product 200 - 37.276 ms
{Wed Mar 25 2026 14:20:27} [APP 🚀] info: ::ffff:10.10.7.50 - POST /api/v1/order 201 - 1750.557 ms
{Wed Mar 25 2026 14:20:57} [APP 🚀] info: ⚠️ Unhandled event type: payment_intent.created
{Wed Mar 25 2026 14:20:57} [APP 🚀] info: ::ffff:10.10.7.50 - POST /api/v1/webhook 200 - 1.904 ms
{Wed Mar 25 2026 14:20:57} [APP 🚀] info: ⚠️ Unhandled event type: charge.succeeded
{Wed Mar 25 2026 14:20:57} [APP 🚀] info: ::ffff:10.10.7.50 - POST /api/v1/webhook 200 - 0.975 ms
{Wed Mar 25 2026 14:20:57} [APP 🚀] info: ⚠️ Unhandled event type: payment_intent.succeeded
{Wed Mar 25 2026 14:20:57} [APP 🚀] info: ::ffff:10.10.7.50 - POST /api/v1/webhook 200 - 0.571 ms
{Wed Mar 25 2026 14:20:58} [APP 🚀] info: ✅ Payment processed for Order: 69c39aca093e8495154d79dd
{Wed Mar 25 2026 14:20:58} [APP 🚀] info: ::ffff:10.10.7.50 - POST /api/v1/webhook 200 - 529.910 ms
{Wed Mar 25 2026 14:21:00} [APP 🚀] info: ⚠️ Unhandled event type: charge.updated
{Wed Mar 25 2026 14:21:00} [APP 🚀] info: ::ffff:10.10.7.50 - POST /api/v1/webhook 200 - 1.647 ms
{Wed Mar 25 2026 14:22:00} [APP 🚀] info: ⚠️ Unhandled event type: balance.available
{Wed Mar 25 2026 14:22:00} [APP 🚀] info: ::ffff:10.10.7.50 - POST /api/v1/webhook 200 - 2.561 ms
{Wed Mar 25 2026 14:22:13} [APP 🚀] info: ::ffff:10.10.7.50 - GET /api/v1/order/my-orders 200 - 3.813 ms
{Wed Mar 25 2026 14:22:28} [APP 🚀] info: Order 69c39aca093e8495154d79dd marked as delivered. Triggering payout...
{Wed Mar 25 2026 14:22:28} [APP 🚀] info: [Payout] Starting process for Order: 69c39aca093e8495154d79dd
{Wed Mar 25 2026 14:22:28} [APP 🚀] info: [Payout] Payment record found. Status: customer_paid, Payout Amount: 360
{Wed Mar 25 2026 14:22:28} [APP 🚀] info: [Payout] Processing transfer to Stripe Account: acct_1TEila9Hssv5dU3q
{Wed Mar 25 2026 14:22:28} [APP 🚀] info: [Payout] Using source_transaction: ch_3TEmgQ93XxwmTnv21x8YOygT
{Wed Mar 25 2026 14:22:29} [APP 🚀] info: [Payout] ✅ SUCCESS: Payout of 360 processed for Vendor: acct_1TEila9Hssv5dU3q (Order: 69c39aca093e8495154d79dd, Transfer: tr_3TEmgQ93XxwmTnv212OX8BJq)
{Wed Mar 25 2026 14:22:29} [APP 🚀] info: ::ffff:10.10.7.50 - PATCH /api/v1/order/69c39aca093e8495154d79dd 200 - 1344.098 ms
{Wed Mar 25 2026 14:22:30} [APP 🚀] info: ⚠️ Unhandled event type: transfer.created
{Wed Mar 25 2026 14:22:30} [APP 🚀] info: ::ffff:10.10.7.50 - POST /api/v1/webhook 200 - 1.457 ms
{Wed Mar 25 2026 14:30:29} [APP 🚀] info: ::ffff:10.10.7.50 - GET /api/v1/order/my-orders 200 - 4.803 ms
{Wed Mar 25 2026 14:30:43} [APP 🚀] info: ::ffff:10.10.7.50 - GET /api/v1/payment/my-payments 200 - 4.600 ms
{Wed Mar 25 2026 14:38:19} [APP 🚀] info: ::ffff:10.10.7.50 - GET /api/v1/user/me 200 - 3.683 ms
{Wed Mar 25 2026 14:44:27} [APP 🚀] info: ::ffff:10.10.7.50 - POST /api/v1/order 201 - 840.067 ms
{Wed Mar 25 2026 14:44:52} [APP 🚀] info: ⚠️ Unhandled event type: charge.succeeded
{Wed Mar 25 2026 14:44:52} [APP 🚀] info: ::ffff:10.10.7.50 - POST /api/v1/webhook 200 - 2.644 ms
{Wed Mar 25 2026 14:44:52} [APP 🚀] info: ⚠️ Unhandled event type: payment_intent.succeeded
{Wed Mar 25 2026 14:44:52} [APP 🚀] info: ::ffff:10.10.7.50 - POST /api/v1/webhook 200 - 1.069 ms
{Wed Mar 25 2026 14:44:52} [APP 🚀] info: ⚠️ Unhandled event type: payment_intent.created
{Wed Mar 25 2026 14:44:52} [APP 🚀] info: ::ffff:10.10.7.50 - POST /api/v1/webhook 200 - 1.067 ms
{Wed Mar 25 2026 14:44:53} [APP 🚀] info: ✅ Payment processed for Order: 69c3a06a093e8495154d79f0
{Wed Mar 25 2026 14:44:53} [APP 🚀] info: ::ffff:10.10.7.50 - POST /api/v1/webhook 200 - 570.664 ms
{Wed Mar 25 2026 14:44:55} [APP 🚀] info: ⚠️ Unhandled event type: charge.updated
{Wed Mar 25 2026 14:44:55} [APP 🚀] info: ::ffff:10.10.7.50 - POST /api/v1/webhook 200 - 1.696 ms
{Wed Mar 25 2026 14:45:51} [APP 🚀] info: Order 69c3a06a093e8495154d79f0 marked as cancelled. Triggering refund...
{Wed Mar 25 2026 14:45:51} [APP 🚀] info: [Refund] Starting process for Order: 69c3a06a093e8495154d79f0
{Wed Mar 25 2026 14:45:52} [APP 🚀] info: [Refund] ✅ SUCCESS: Refund processed for Order: 69c3a06a093e8495154d79f0 (Refund: re_3TEn3Z93XxwmTnv21K7aMRxR)
{Wed Mar 25 2026 14:45:52} [APP 🚀] info: ::ffff:10.10.7.50 - PATCH /api/v1/order/69c3a06a093e8495154d79f0 200 - 1177.874 ms
{Wed Mar 25 2026 14:45:52} [APP 🚀] info: ⚠️ Unhandled event type: refund.created
{Wed Mar 25 2026 14:45:52} [APP 🚀] info: ::ffff:10.10.7.50 - POST /api/v1/webhook 200 - 0.979 ms
{Wed Mar 25 2026 14:45:52} [APP 🚀] info: ⚠️ Unhandled event type: charge.refunded
{Wed Mar 25 2026 14:45:52} [APP 🚀] info: ::ffff:10.10.7.50 - POST /api/v1/webhook 200 - 5.053 ms
{Wed Mar 25 2026 14:45:53} [APP 🚀] info: ⚠️ Unhandled event type: refund.updated
{Wed Mar 25 2026 14:45:53} [APP 🚀] info: ::ffff:10.10.7.50 - POST /api/v1/webhook 200 - 1.894 ms
{Wed Mar 25 2026 14:45:53} [APP 🚀] info: ⚠️ Unhandled event type: charge.refund.updated
{Wed Mar 25 2026 14:45:53} [APP 🚀] info: ::ffff:10.10.7.50 - POST /api/v1/webhook 200 - 1.293 ms
{Wed Mar 25 2026 14:45:54} [APP 🚀] info: ⚠️ Unhandled event type: balance.available
{Wed Mar 25 2026 14:45:54} [APP 🚀] info: ::ffff:10.10.7.50 - POST /api/v1/webhook 200 - 2.327 ms
{Wed Mar 25 2026 14:46:35} [APP 🚀] info: ⚠️ Unhandled event type: balance.available
{Wed Mar 25 2026 14:46:35} [APP 🚀] info: ::ffff:10.10.7.50 - POST /api/v1/webhook 200 - 1.580 ms
{Wed Mar 25 2026 14:50:52} [APP 🚀] info: ::ffff:10.10.7.50 - GET /api/v1/payment/my-payments 200 - 4.154 ms
{Wed Mar 25 2026 14:52:30} [APP 🚀] info: [32m🚀 Database connected successfully[39m
{Wed Mar 25 2026 14:52:30} [APP 🚀] info: [32m🍁 Server connected successfully[39m
{Wed Mar 25 2026 14:52:30} [APP 🚀] info: [33m♻️  Application listening on port:5003[39m
{Wed Mar 25 2026 14:52:31} [APP 🚀] info: [32m🚀 Database connected successfully[39m
{Wed Mar 25 2026 14:52:31} [APP 🚀] info: [32m🍁 Server connected successfully[39m
{Wed Mar 25 2026 14:52:31} [APP 🚀] info: [33m♻️  Application listening on port:5003[39m
